<?xml version="1.0"?>
<testsuites>
<testsuite errors="5" failures="2" hostname="VM_37_221_centos" name="pytest" skipped="7" tests="69" time="378.519" timestamp="2021-03-20T12:05:24.138095">
  <testcase classname="tests.scripts.goods.test_goods_001.Test_goods_add_001" name="test_goods_query_001" time="0.323">
    <failure message="AttributeError: &apos;Goods&apos; object has no attribute &apos;addGoods&apos;">self = &lt;tests.scripts.goods.test_goods_001.Test_goods_add_001 object at 0x7f52492ed240&gt;

    def test_goods_query_001(self):
&gt;       res = self.goods.addGoods(self.params)
E       AttributeError: &apos;Goods&apos; object has no attribute &apos;addGoods&apos;

tests/scripts/goods/test_goods_001.py:41: AttributeError</failure>
  </testcase>
  <testcase classname="tests.scripts.goods.test_goods_001.Test_goods_add_001" name="test_goods_002" time="0.003">
    <failure message="assert False">self = &lt;tests.scripts.goods.test_goods_001.Test_goods_add_001 object at 0x7f5248be8400&gt;

    def test_goods_002(self):
&gt;       assert False
E       assert False

tests/scripts/goods/test_goods_001.py:57: AssertionError</failure>
  </testcase>
  <testcase classname="tests.scripts.goods.test_goods_addSpecTemplate_001.Test_goods_addSpecTemplate_001" name="test_addSpecTemplate_001" time="4.036"/>
  <testcase classname="tests.scripts.goods.test_goods_add_mutiSku_publish_001.Test_goods_add_mutiSku_publish_001" name="test_goods_add_mutiSku_publish" time="5.621"/>
  <testcase classname="tests.scripts.goods.test_goods_add_mutisku_publish_onsale_001.Test_goods_add_mutiSku_publish_001" name="test_goods_add_mutiSku_publish" time="6.065">
    <error message="failed on teardown with &quot;assert (500 == 200
  +500
  -200)&quot;">self = &lt;tests.scripts.goods.test_goods_add_mutisku_publish_onsale_001.Test_goods_add_mutiSku_publish_001 object at 0x7f5248d6e908&gt;

    @pytest.fixture()
    def ini(self):
        self.goods = Goods()
        self.logger = Logger.Logger()
        self.addPostageParam = ReaderFile.readerJson(&quot;addPostage.json&quot;)
        self.addSpecTemplateParam = ReaderFile.readerJson(&quot;addSpecTemplate.json&quot;)
        self.addGoodsParam = ReaderFile.readerJson(&quot;addMutiSkuGoods.json&quot;)
        self.specTemplate = SpecTemplate()
        self.postage = Postage()
        # 新增商品，保存
        addGoodsRes = self.goods.addGoods(self.addPostageParam, self.addSpecTemplateParam, self.addGoodsParam)
        self.logger.info(&quot;addGoodRes: {0}&quot;.format(addGoodsRes.json()))
        assert addGoodsRes.json()[&quot;data&quot;][&quot;spu_id&quot;] is not None
        self.spuId = addGoodsRes.json()[&quot;data&quot;][&quot;spu_id&quot;]
        self.publishGoodsParam = {&quot;spu_id&quot;:self.spuId}
        # 发布上面新增的商品
        publishRes = self.goods.publishGoods(self.publishGoodsParam)
        self.logger.info(&quot;publishRes: {0}&quot;.format(publishRes.json()))
        # print(&quot;addGoodRes: {0}&quot;.format(publishRes.json()))
        assert publishRes.json()[&quot;data&quot;][&quot;spu_id&quot;] is not None
        self.saleParam = {&quot;spu_id&quot;: [], &quot;sku_id&quot;: []}
        self.saleParam[&quot;spu_id&quot;].append(self.spuId)
    
        yield self.saleParam,self.addPostageParam, self.addSpecTemplateParam, self.addGoodsParam,self.specTemplate
        # 下架商品
        offsaleParam = self.saleParam
        offsaleRes = self.goods.offsaleGoods(offsaleParam)
        self.logger.info(&quot;osssale goods res ]info {0}&quot;.format(offsaleRes))
        print(&quot;offsaleRes: {0}&quot;.format(offsaleRes))
    
        # 删除添加的商品
        delGoods = {&quot;channel_type&quot;:1,&quot;spu_id&quot;: self.spuId}
        delRes = self.goods.delSpu(delGoods).json()
        assert delRes[&quot;code&quot;] == 200 and delRes[&quot;message&quot;] == &quot;success&quot;
        print(&quot;delGoods: {0}&quot;.format(delRes))
        # 删除规格模板
        self.delSpecParam = {&quot;attribute_template_id&quot;: self.specTemplateId}
        delRes = self.specTemplate.deleteSpecTemplate(self.delSpecParam)
        assert delRes.status_code == 200
        # 删除邮费模板
        for postageID in self.postageIdList:
            delParam = {&quot;postage_id&quot;:postageID}
            delRes = self.postage.delete_postage(delParam)
            self.logger.info(&quot;delRes {0}&quot;.format(delRes.json()))
            print(&quot;delRes {0}&quot;.format(delRes.json()))
&gt;           assert delRes.status_code == 200 and delRes.json()[&quot;message&quot;] == &quot;success&quot;
E           assert (500 == 200
E             +500
E             -200)

tests/scripts/goods/test_goods_add_mutisku_publish_onsale_001.py:71: AssertionError</error>
  </testcase>
  <testcase classname="tests.scripts.goods.test_goods_add_mutisku_publish_onsale_002.Test_goods_add_mutiSku_publish_002" name="test_goods_add_mutiSku_publish" time="5.700"/>
  <testcase classname="tests.scripts.goods.test_goods_add_mutisku_publish_onsale_003.Test_goods_add_mutiSku_publish_003" name="test_goods_add_mutiSku_publish" time="7.806">
    <error message="failed on teardown with &quot;assert (500 == 200
  +500
  -200)&quot;">self = &lt;tests.scripts.goods.test_goods_add_mutisku_publish_onsale_003.Test_goods_add_mutiSku_publish_003 object at 0x7f5248bc8780&gt;

    @pytest.fixture()
    def ini(self):
        self.goods = Goods()
        self.logger = Logger.Logger()
        self.addPostageParam = ReaderFile.readerJson(&quot;addPostage.json&quot;)
        self.addSpecTemplateParam = ReaderFile.readerJson(&quot;addSpecTemplate.json&quot;)
        self.addGoodsParam = ReaderFile.readerJson(&quot;addMutiSkuGoods.json&quot;)
        self.specTemplate = SpecTemplate()
        self.postage = Postage()
        # 新增商品，保存
        addGoodsRes = self.goods.addGoods(self.addPostageParam, self.addSpecTemplateParam, self.addGoodsParam)
        self.logger.info(&quot;addGoodRes: {0}&quot;.format(addGoodsRes.json()))
        assert addGoodsRes.json()[&quot;data&quot;][&quot;spu_id&quot;] is not None
        self.spuId = addGoodsRes.json()[&quot;data&quot;][&quot;spu_id&quot;]
        self.publishGoodsParam = {&quot;spu_id&quot;:self.spuId}
        # 发布上面新增的商品
        publishRes = self.goods.publishGoods(self.publishGoodsParam)
        self.logger.info(&quot;publishRes: {0}&quot;.format(publishRes.json()))
        # print(&quot;addGoodRes: {0}&quot;.format(publishRes.json()))
        assert publishRes.json()[&quot;data&quot;][&quot;spu_id&quot;] is not None
        self.saleParam = {&quot;spu_id&quot;: [], &quot;sku_id&quot;: []}
        self.saleParam[&quot;spu_id&quot;].append(self.spuId)
    
        yield self.saleParam,self.addPostageParam, self.addSpecTemplateParam, self.addGoodsParam,self.specTemplate
        # 下架商品
        offsaleParam = self.saleParam
        offsaleRes = self.goods.offsaleGoods(offsaleParam)
        self.logger.info(&quot;osssale goods res ]info {0}&quot;.format(offsaleRes))
        print(&quot;offsaleRes: {0}&quot;.format(offsaleRes))
    
        # 删除添加的商品
        delGoods = {&quot;channel_type&quot;:1,&quot;spu_id&quot;: self.spuId}
        delRes = self.goods.delSpu(delGoods).json()
        assert delRes[&quot;code&quot;] == 200 and delRes[&quot;message&quot;] == &quot;success&quot;
        print(&quot;delGoods: {0}&quot;.format(delRes))
        # 删除规格模板
        self.delSpecParam = {&quot;attribute_template_id&quot;: self.specTemplateId}
        delRes = self.specTemplate.deleteSpecTemplate(self.delSpecParam)
        assert delRes.status_code == 200
        # 删除邮费模板
        for postageID in self.postageIdList:
            delParam = {&quot;postage_id&quot;:postageID}
            delRes = self.postage.delete_postage(delParam)
            self.logger.info(&quot;delRes {0}&quot;.format(delRes.json()))
            print(&quot;delRes {0}&quot;.format(delRes.json()))
&gt;           assert delRes.status_code == 200 and delRes.json()[&quot;message&quot;] == &quot;success&quot;
E           assert (500 == 200
E             +500
E             -200)

tests/scripts/goods/test_goods_add_mutisku_publish_onsale_003.py:70: AssertionError</error>
  </testcase>
  <testcase classname="tests.scripts.goods.test_goods_add_mutisku_publish_onsale_004.Test_goods_add_mutiSku_publish_004" name="test_goods_add_mutiSku_publish" time="65.002"/>
  <testcase classname="tests.scripts.goods.test_goods_add_noPostage_001.Test_goods_add_noPostage_001" name="test_goods_add_noPostage" time="0.001">
    <skipped message="接口符合要求的情况下，增加商品会失败，目前会成功，造成环境脏数据" type="pytest.skip">/data/jenkins/workspace/PostmanApi/tests/scripts/goods/test_goods_add_noPostage_001.py:64: 接口符合要求的情况下，增加商品会失败，目前会成功，造成环境脏数据</skipped>
  </testcase>
  <testcase classname="tests.scripts.goods.test_goods_add_noSpecTemplate_001.Test_goods_add_noSpecTemplate_001" name="test_goods_add_noSpecTemplate" time="0.000">
    <skipped message="接口符合要求的情况下，增加商品会失败，目前会成功，造成环境脏数据" type="pytest.skip">/data/jenkins/workspace/PostmanApi/tests/scripts/goods/test_goods_add_noSpecTemplate_001.py:58: 接口符合要求的情况下，增加商品会失败，目前会成功，造成环境脏数据</skipped>
  </testcase>
  <testcase classname="tests.scripts.goods.test_goods_add_paramCheck_001.Test_goods_add_paramCheck_001" name="test_goods_paramCheck[addGoodsParam0]" time="0.000">
    <skipped message="暂时跳过该用例" type="pytest.skip">/data/jenkins/workspace/PostmanApi/tests/scripts/goods/test_goods_add_paramCheck_001.py:62: 暂时跳过该用例</skipped>
  </testcase>
  <testcase classname="tests.scripts.goods.test_goods_add_paramCheck_001.Test_goods_add_paramCheck_001" name="test_goods_paramCheck[addGoodsParam1]" time="0.000">
    <skipped message="暂时跳过该用例" type="pytest.skip">/data/jenkins/workspace/PostmanApi/tests/scripts/goods/test_goods_add_paramCheck_001.py:62: 暂时跳过该用例</skipped>
  </testcase>
  <testcase classname="tests.scripts.goods.test_goods_add_paramCheck_001.Test_goods_add_paramCheck_001" name="test_goods_paramCheck[addGoodsParam2]" time="0.000">
    <skipped message="暂时跳过该用例" type="pytest.skip">/data/jenkins/workspace/PostmanApi/tests/scripts/goods/test_goods_add_paramCheck_001.py:62: 暂时跳过该用例</skipped>
  </testcase>
  <testcase classname="tests.scripts.goods.test_goods_add_paramCheck_001.Test_goods_add_paramCheck_001" name="test_goods_paramCheck[addGoodsParam3]" time="0.000">
    <skipped message="暂时跳过该用例" type="pytest.skip">/data/jenkins/workspace/PostmanApi/tests/scripts/goods/test_goods_add_paramCheck_001.py:62: 暂时跳过该用例</skipped>
  </testcase>
  <testcase classname="tests.scripts.goods.test_goods_add_publish_001.Test_goods_addgoods" name="test_goods_publishGoods" time="2.894"/>
  <testcase classname="tests.scripts.goods.test_goods_add_publish_onsale_001.Test_goods_add_publish_onsale_goods" name="test_goods_onsaleGoods" time="3.993"/>
  <testcase classname="tests.scripts.goods.test_goods_add_publish_onsale_002.Test_goods_add_publish_onsale_goods" name="test_goods_onsaleGoods" time="4.538"/>
  <testcase classname="tests.scripts.goods.test_goods_add_publish_onsale_003.Test_goods_add_publish_onsale_goods" name="test_goods_onsaleGoods" time="5.081"/>
  <testcase classname="tests.scripts.goods.test_goods_add_publish_onsale_004.Test_goods_add_publish_onsale_goods" name="test_goods_onsaleGoods" time="63.962"/>
  <testcase classname="tests.scripts.goods.test_goods_add_singleSku_001.Test_goods_addgoods" name="test_goods_addGoods" time="2.696"/>
  <testcase classname="tests.scripts.goods.test_goods_copyGoods_001.Test_goods_copyGoods" name="test_goods_copyGoods" time="4.309"/>
  <testcase classname="tests.scripts.goods.test_goods_copyGoods_002.Test_goods_copyGoods" name="test_goods_copyGoods" time="5.689"/>
  <testcase classname="tests.scripts.goods.test_goods_copyGoods_003.Test_goods_copyGoods" name="test_goods_copyGoods" time="5.360"/>
  <testcase classname="tests.scripts.goods.test_goods_copyGoods_004.Test_goods_copyGoods" name="test_goods_copyGoods" time="6.653"/>
  <testcase classname="tests.scripts.goods.test_goods_copyGoods_005.Test_goods_copyGoods" name="test_goods_copyGoods" time="7.267">
    <error message="failed on teardown with &quot;assert (500 == 200
  +500
  -200)&quot;">self = &lt;tests.scripts.goods.test_goods_copyGoods_005.Test_goods_copyGoods object at 0x7f5248ca0ac8&gt;

    @pytest.fixture()
    def ini(self):
        self.goods = Goods()
        self.logger = Logger.Logger()
        self.postage = Postage()
        self.specTemplate = SpecTemplate()
        self.addPostageParam = ReaderFile.readerJson(&quot;addPostage.json&quot;)
        self.addSpecTemplateParam = ReaderFile.readerJson(&quot;addSpecTemplate.json&quot;)
        self.addGoodsParam = ReaderFile.readerJson(&quot;addMutiSkuGoods.json&quot;)
        # 新增商品，保存
        addGoodsRes = self.goods.addGoods(self.addPostageParam, self.addSpecTemplateParam, self.addGoodsParam)
        self.logger.info(&quot;addGoodRes: {0}&quot;.format(addGoodsRes.json()))
        assert addGoodsRes.json()[&quot;data&quot;][&quot;spu_id&quot;] is not None
        # 查询未发布商品列表的第一条数据
        listParam = {&quot;page&quot;: 1, &quot;size&quot;: 1, &quot;searchParams&quot;: {&quot;searchReleaseStatus&quot;: 0}}
        listRes = self.goods.listSpu(listParam)
        self.logger.info(&quot;listRes: {0}&quot;.format(listRes))
        assert listRes[&quot;data&quot;][&quot;list&quot;][0][&quot;id&quot;] == addGoodsRes.json()[&quot;data&quot;][&quot;spu_id&quot;]
        self.spuId = addGoodsRes.json()[&quot;data&quot;][&quot;spu_id&quot;]
    
        yield self.addPostageParam,self.addGoodsParam,self.addSpecTemplateParam,self.spuId
    
        # 删除添加的商品
        delGoods = {&quot;channel_type&quot;: 1, &quot;spu_id&quot;: self.spuId}
        print(&quot;&amp;&amp;&amp;&amp;&amp;&amp;&amp;&quot;, delGoods)
        delRes = self.goods.delSpu(delGoods).json()
        assert delRes[&quot;code&quot;] == 200 and delRes[&quot;message&quot;] == &quot;success&quot;
        print(&quot;delGoods1: {0}&quot;.format(delRes))
        # 删除复制的商品
        delGoods = {&quot;channel_type&quot;: 1, &quot;spu_id&quot;: self.copySpuId}
        delRes = self.goods.delSpu(delGoods).json()
        assert delRes[&quot;code&quot;] == 200 and delRes[&quot;message&quot;] == &quot;success&quot;
        print(&quot;delGoods2: {0}&quot;.format(delRes))
        # 删除规格模板
        self.delSpecParam = {&quot;attribute_template_id&quot;: self.specTemplateId}
        delRes = self.specTemplate.deleteSpecTemplate(self.delSpecParam)
        assert delRes.status_code == 200
        # 删除邮费模板
        for postageID in self.postageIdList:
            delParam = {&quot;postage_id&quot;:postageID}
            delRes = self.postage.delete_postage(delParam)
            self.logger.info(&quot;delRes {0}&quot;.format(delRes.json()))
            print(&quot;delRes {0}&quot;.format(delRes.json()))
&gt;           assert delRes.status_code == 200 and delRes.json()[&quot;message&quot;] == &quot;success&quot;
E           assert (500 == 200
E             +500
E             -200)

tests/scripts/goods/test_goods_copyGoods_005.py:66: AssertionError</error>
  </testcase>
  <testcase classname="tests.scripts.goods.test_goods_copyGoods_006.Test_goods_copyGoods" name="test_goods_copyGoods" time="6.416"/>
  <testcase classname="tests.scripts.goods.test_goods_copyGoods_007.Test_goods_copyGoods" name="test_goods_copyGoods" time="7.914">
    <error message="failed on teardown with &quot;assert (500 == 200
  +500
  -200)&quot;">self = &lt;tests.scripts.goods.test_goods_copyGoods_007.Test_goods_copyGoods object at 0x7f5248d75b70&gt;

    @pytest.fixture()
    def ini(self):
        self.goods = Goods()
        self.logger = Logger.Logger()
        self.postage = Postage()
        self.specTemplate = SpecTemplate()
        self.addPostageParam = ReaderFile.readerJson(&quot;addPostage.json&quot;)
        self.addSpecTemplateParam = ReaderFile.readerJson(&quot;addSpecTemplate.json&quot;)
        self.addGoodsParam = ReaderFile.readerJson(&quot;addMutiSkuGoods.json&quot;)
        # 新增商品，保存
        addGoodsRes = self.goods.addGoods(self.addPostageParam, self.addSpecTemplateParam, self.addGoodsParam)
        self.logger.info(&quot;addGoodRes: {0}&quot;.format(addGoodsRes.json()))
        assert addGoodsRes.json()[&quot;data&quot;][&quot;spu_id&quot;] is not None
        # 查询未发布商品列表的第一条数据
        listParam = {&quot;page&quot;: 1, &quot;size&quot;: 1, &quot;searchParams&quot;: {&quot;searchReleaseStatus&quot;: 0}}
        listRes = self.goods.listSpu(listParam)
        self.logger.info(&quot;listRes: {0}&quot;.format(listRes))
        assert listRes[&quot;data&quot;][&quot;list&quot;][0][&quot;id&quot;] == addGoodsRes.json()[&quot;data&quot;][&quot;spu_id&quot;]
        self.spuId = addGoodsRes.json()[&quot;data&quot;][&quot;spu_id&quot;]
        self.publishGoodsParam = {&quot;spu_id&quot;: self.spuId}
        # 发布上面新增的商品
        publishRes = self.goods.publishGoods(self.publishGoodsParam)
        self.logger.info(&quot;publishRes: {0}&quot;.format(publishRes.json()))
        # print(&quot;addGoodRes: {0}&quot;.format(publishRes.json()))
        assert publishRes.json()[&quot;data&quot;][&quot;spu_id&quot;] is not None
        # 上架商品
        self.saleParam = {&quot;spu_id&quot;: [], &quot;sku_id&quot;: []}
        self.saleParam[&quot;spu_id&quot;].append(self.spuId)
        saleRes = self.goods.saleGoods(self.saleParam)
        self.logger.info(&quot;saleRes: {0}&quot;.format(saleRes))
        # print(&quot;saleRes: {0}&quot;.format(saleRes))
        assert saleRes[&quot;data&quot;][&quot;fail_num&quot;] == 0
    
    
    
        yield self.addPostageParam, self.addGoodsParam, self.addSpecTemplateParam, self.spuId
    
        # 下架商品
        offsaleParam = self.saleParam
        offsaleRes = self.goods.offsaleGoods(offsaleParam)
        self.logger.info(&quot;osssale goods res ]info {0}&quot;.format(offsaleRes))
        print(&quot;offsaleRes: {0}&quot;.format(offsaleRes))
    
        # 删除添加的商品
        delGoods = {&quot;channel_type&quot;: 1, &quot;spu_id&quot;: self.spuId}
        print(&quot;&amp;&amp;&amp;&amp;&amp;&amp;&amp;&quot;, delGoods)
        delRes = self.goods.delSpu(delGoods).json()
        assert delRes[&quot;code&quot;] == 200 and delRes[&quot;message&quot;] == &quot;success&quot;
        print(&quot;delGoods1: {0}&quot;.format(delRes))
        # 删除复制的商品
        delGoods = {&quot;channel_type&quot;: 1, &quot;spu_id&quot;: self.copySpuId}
        delRes = self.goods.delSpu(delGoods).json()
        assert delRes[&quot;code&quot;] == 200 and delRes[&quot;message&quot;] == &quot;success&quot;
        print(&quot;delGoods2: {0}&quot;.format(delRes))
    
        # 删除规格模板
        self.delSpecParam = {&quot;attribute_template_id&quot;: self.specTemplateId}
        delRes = self.specTemplate.deleteSpecTemplate(self.delSpecParam)
        assert delRes.status_code == 200
        # 删除邮费模板
        for postageID in self.postageIdList:
            delParam = {&quot;postage_id&quot;: postageID}
            delRes = self.postage.delete_postage(delParam)
            self.logger.info(&quot;delRes {0}&quot;.format(delRes.json()))
            print(&quot;delRes {0}&quot;.format(delRes.json()))
&gt;           assert delRes.status_code == 200 and delRes.json()[&quot;message&quot;] == &quot;success&quot;
E           assert (500 == 200
E             +500
E             -200)

tests/scripts/goods/test_goods_copyGoods_007.py:90: AssertionError</error>
  </testcase>
  <testcase classname="tests.scripts.goods.test_goods_copyGoods_008.Test_goods_copyGoods" name="test_goods_copyGoods" time="6.741"/>
  <testcase classname="tests.scripts.goods.test_goods_copyGoods_009.Test_goods_copyGoods" name="test_goods_copyGoods" time="8.566"/>
  <testcase classname="tests.scripts.goods.test_goods_copySpecTemplate_001.Test_goods_copySpecTemplate" name="test_goods_updateSpecTemplate" time="5.325"/>
  <testcase classname="tests.scripts.goods.test_goods_delSpecTemplate_002.Test_goods_unPublish" name="test_goods_updateSpecTemplate" time="3.122"/>
  <testcase classname="tests.scripts.goods.test_goods_delete_001.Test_goods_add_publish_onsale_goods" name="test_goods_delGoods001" time="6.045"/>
  <testcase classname="tests.scripts.goods.test_goods_delete_001.Test_goods_add_publish_onsale_goods" name="test_goods_delGoods002" time="5.072"/>
  <testcase classname="tests.scripts.goods.test_goods_listDetailSpecTemplate_001.Test_goods_listDetailSpecTemplate" name="test_goods_updateSpecTemplate" time="1.005"/>
  <testcase classname="tests.scripts.goods.test_goods_mutiSku_publish_noSale_001.Test_goods_publish_noSale" name="test_goods_publish_noSale" time="4.686"/>
  <testcase classname="tests.scripts.goods.test_goods_mutiSku_publish_noSale_002.Test_goods_publish_noSale" name="test_goods_publish_noSale" time="4.757"/>
  <testcase classname="tests.scripts.goods.test_goods_mutiSku_publish_noSale_003.Test_goods_publish_noSale" name="test_goods_publish_noSale" time="3.755"/>
  <testcase classname="tests.scripts.goods.test_goods_mutiSku_publish_noSale_004.Test_goods_publish_noSale" name="test_goods_publish_noSale" time="5.987"/>
  <testcase classname="tests.scripts.goods.test_goods_mutiSku_publish_noSale_005.Test_goods_publish_noSale" name="test_goods_publish_noSale" time="4.347"/>
  <testcase classname="tests.scripts.goods.test_goods_mutiSku_publish_noSale_006.Test_goods_publish_noSale" name="test_goods_publish_noSale" time="4.803"/>
  <testcase classname="tests.scripts.goods.test_goods_offsale_001.Test_goods_add_publish_onsale_goods" name="test_goods_offsaleGoods" time="4.035"/>
  <testcase classname="tests.scripts.goods.test_goods_offsale_002.Test_goods_add_publish_onsale_goods" name="test_goods_offsaleGoods" time="3.902"/>
  <testcase classname="tests.scripts.goods.test_goods_offsale_003.Test_goods_add_publish_onsale_goods" name="test_goods_offsaleGoods" time="4.284"/>
  <testcase classname="tests.scripts.goods.test_goods_offsale_004.Test_goods_add_publish_onsale_goods" name="test_goods_offsaleGoods" time="6.352"/>
  <testcase classname="tests.scripts.goods.test_goods_offsale_005.Test_goods_add_publish_onsale_goods" name="test_goods_offsaleGoods" time="5.312"/>
  <testcase classname="tests.scripts.goods.test_goods_postage_addPostage_001.Test_goods_addPostage" name="test_goods_addPostage" time="1.995"/>
  <testcase classname="tests.scripts.goods.test_goods_postage_delPostage_001.Test_goods_delPostage" name="test_goods_delPostage" time="1.308"/>
  <testcase classname="tests.scripts.goods.test_goods_postage_delPostage_002.Test_goods_delPostage" name="test_goods_delPostage" time="2.583"/>
  <testcase classname="tests.scripts.goods.test_goods_postage_relationSkuList.Test_goods_relationListPostage" name="test_goods_Postage_relationList" time="2.954"/>
  <testcase classname="tests.scripts.goods.test_goods_postage_updataPostage_001.Test_goods_updatePostage" name="test_goods_updatePostage" time="0.845"/>
  <testcase classname="tests.scripts.goods.test_goods_publish_noSale_001.Test_goods_publish_noSale" name="test_goods_publish_noSale" time="4.226"/>
  <testcase classname="tests.scripts.goods.test_goods_publish_noSale_002.Test_goods_publish_noSale" name="test_goods_publish_noSale" time="3.621"/>
  <testcase classname="tests.scripts.goods.test_goods_publish_noSale_003.Test_goods_publish_noSale" name="test_goods_publish_noSale" time="2.509"/>
  <testcase classname="tests.scripts.goods.test_goods_publish_noSale_004.Test_goods_publish_noSale" name="test_goods_publish_noSale" time="3.995"/>
  <testcase classname="tests.scripts.goods.test_goods_publish_noSale_005.Test_goods_publish_noSale" name="test_goods_publish_noSale" time="4.439"/>
  <testcase classname="tests.scripts.goods.test_goods_publish_noSale_006.Test_goods_publish_noSale" name="test_goods_publish_noSale" time="4.825"/>
  <testcase classname="tests.scripts.goods.test_goods_publish_sale_001.Test_goods_publish_noSale" name="test_goods_publish_noSale" time="5.696"/>
  <testcase classname="tests.scripts.goods.test_goods_sale_update_001.Test_goods_add_publish_onsale_goods" name="test_goods_offsaleGoods" time="0.000">
    <skipped message="上架商品修改，" type="pytest.skip">/data/jenkins/workspace/PostmanApi/tests/scripts/goods/test_goods_sale_update_001.py:74: 上架商品修改，</skipped>
  </testcase>
  <testcase classname="tests.scripts.goods.test_goods_updateInvalidGoods_001.Test_goods_updateInvalidGoods_001" name="test_goods_updateInvalidGoods" time="4.258"/>
  <testcase classname="tests.scripts.goods.test_goods_updateSpecTemplate_001.Test_goods_updateSpecTemplate_002" name="test_goods_updateSpecTemplate" time="5.506"/>
  <testcase classname="tests.scripts.goods.test_goods_updateSpecTemplate_002.Test_goods_updateSpecTemplate_002" name="test_goods_updateNameAndTagName" time="2.264"/>
  <testcase classname="tests.scripts.goods.test_goods_update_001.Test_goods_updateGoods_001" name="test_goods_publishGoods" time="4.351"/>
  <testcase classname="tests.scripts.goods.test_goods_update_002.Test_goods_updateGoods_002" name="test_goods_publishGoods" time="6.242">
    <error message="failed on teardown with &quot;assert (500 == 200
  +500
  -200)&quot;">self = &lt;tests.scripts.goods.test_goods_update_002.Test_goods_updateGoods_002 object at 0x7f52485690b8&gt;

    @pytest.fixture()
    def ini(self):
        self.goods = Goods()
        self.logger = Logger.Logger()
        self.specTemplate = SpecTemplate()
        self.postage = Postage()
        self.addPostageParam = ReaderFile.readerJson(&quot;addPostage.json&quot;)
        self.addSpecTemplateParam = ReaderFile.readerJson(&quot;addSpecTemplate.json&quot;)
        self.addGoodsParam = ReaderFile.readerJson(&quot;addGoods.json&quot;)
        #新增商品，保存
        addGoodsRes = self.goods.addGoods(self.addPostageParam, self.addSpecTemplateParam, self.addGoodsParam)
        self.logger.info(&quot;addGoodRes: {0}&quot;.format(addGoodsRes.json()))
        assert addGoodsRes.json()[&quot;data&quot;][&quot;spu_id&quot;] is not None
        self.publishGoodsParam = addGoodsRes.json()[&quot;data&quot;]
        # 查询新增的邮费模板
        params = {&quot;page&quot;: &quot;1&quot;, &quot;size&quot;: &quot;1&quot;}
        res = self.postage.query_postage(params)  # 查询时间区间内邮费模板数据
        self.logger.info(&quot;Query postage res info {0}&quot;.format(res))
        assert len(res[&quot;data&quot;][&quot;list&quot;]) == 1 and res[&quot;data&quot;][&quot;list&quot;][0][&quot;name&quot;] == self.addPostageParam[&quot;name&quot;]
        self.oldpostageID = res[&quot;data&quot;][&quot;list&quot;][0][&quot;id&quot;]
        print(&quot;8888888：        &quot;,self.oldpostageID)
        # 发布上面新增的商品
        publishRes = self.goods.publishGoods(self.publishGoodsParam)
        self.logger.info(&quot;publishRes: {0}&quot;.format(publishRes.json()))
        # print(&quot;addGoodRes: {0}&quot;.format(publishRes.json()))
        assert publishRes.json()[&quot;data&quot;][&quot;spu_id&quot;] is not None
        self.spuId = addGoodsRes.json()[&quot;data&quot;][&quot;spu_id&quot;]
    
        # 新增一个用于修改的邮费模板
        startTime = Mytime.getCurrTimeStamp()
        time.sleep(1)
        self.addPostageParam[&quot;name&quot;] = &quot;修改的邮费模板&quot;
        res = self.postage.addPostage(self.addPostageParam)  # 调接口创建邮费模板
        endTime = Mytime.getCurrTimeStamp()
        self.logger.info(&quot;add postage template res: {0}&quot;.format(res))
        assert res.status_code == 200 and &quot;success&quot; in res.text
        # 查询新增的邮费模板
        params = {&quot;page&quot;: &quot;&quot;, &quot;size&quot;: &quot;&quot;, &quot;start_time&quot;: startTime, &quot;end_time&quot;: endTime, &quot;time_type&quot;: &quot;&quot;}
        res = self.postage.query_postage(params)  # 查询时间区间内邮费模板数据
        self.logger.info(&quot;Query postage res info {0}&quot;.format(res))
        assert len(res[&quot;data&quot;][&quot;list&quot;]) == 1 and res[&quot;data&quot;][&quot;list&quot;][0][&quot;name&quot;] == self.addPostageParam[&quot;name&quot;]
        self.postageID = res[&quot;data&quot;][&quot;list&quot;][0][&quot;id&quot;]
        print(&quot;99999999:     &quot;,self.postageID)
    
        yield self.publishGoodsParam,self.spuId,self.postageID,self.oldpostageID
        # 删除新建商品时新增的邮费模板
        delParam = {&quot;postage_id&quot;: self.oldpostageID}
        delRes = self.postage.delete_postage(delParam)
        self.logger.info(&quot;delRes {0}&quot;.format(delRes.json()))
        print(&quot;delRes {0}&quot;.format(delRes.json()))
        assert delRes.status_code == 200 and delRes.json()[&quot;message&quot;] == &quot;success&quot;
    
        # 删除添加的商品
        delGoods = {&quot;channel_type&quot;: 1, &quot;spu_id&quot;: self.spuId}
        delRes = self.goods.delSpu(delGoods).json()
        assert delRes[&quot;code&quot;] == 200 and delRes[&quot;message&quot;] == &quot;success&quot;
        print(&quot;delGoods: {0}&quot;.format(delRes))
        # 删除规格模板
        self.delSpecParam = {&quot;attribute_template_id&quot;: self.specTemplateId}
        delRes = self.specTemplate.deleteSpecTemplate(self.delSpecParam)
        assert delRes.status_code == 200
        # 删除邮费模板
        for postageID in self.postageIdList:
            delParam = {&quot;postage_id&quot;: postageID}
            delRes = self.postage.delete_postage(delParam)
            self.logger.info(&quot;delRes {0}&quot;.format(delRes.json()))
            print(&quot;delRes {0}&quot;.format(delRes.json()))
&gt;           assert delRes.status_code == 200 and delRes.json()[&quot;message&quot;] == &quot;success&quot;
E           assert (500 == 200
E             +500
E             -200)

tests/scripts/goods/test_goods_update_002.py:88: AssertionError</error>
  </testcase>
  <testcase classname="tests.scripts.goods.test_goods_update_003.Test_goods_updateGoods_002" name="test_goods_publishGoods" time="6.564"/>
</testsuite>

<testsuite name="BOSS / bossLogin" id="4086ea49-5f0b-47e7-990d-71b0d6e66137" timestamp="2021-03-20T04:05:24.008Z" tests="1" failures="0" errors="0" time="0.108">
  
  <testcase name="https://crs-api.vchangyi.com/boss/app/v1/admin/login响应数据中usernamed的值为：&apos;创业翼超管&apos;" time="0.108" classname="Api"/>
  
</testsuite>
<testsuite name="BOSS / 企业列表（旧）" id="e5fb77ec-fa1f-41f4-be90-22aa11a46851" timestamp="2021-03-20T04:05:24.008Z" tests="1" failures="0" errors="0" time="0.055">
  
  <testcase name="接口https://crs-api.vchangyi.com/boss/app/v1/enterprise/list?name=&amp;page=1&amp;limit=10Status StatusCode is 200" time="0.055" classname="Api"/>
  
</testsuite>
<testsuite name="BOSS / 企业列表搜索（旧）" id="42cd2aed-9463-4d1e-949a-13a1df008ba0" timestamp="2021-03-20T04:05:24.008Z" tests="1" failures="0" errors="0" time="0.055">
  
  <testcase name="https://crs-api.vchangyi.com/boss/app/v1/enterprise/list?name=%E7%8E%9B%E6%B0%8F&amp;page=1&amp;limit=10的Statuscode 是 200" time="0.055" classname="Api"/>
  
</testsuite>
<testsuite name="BOSS / 企业详情(旧)" id="995a8c61-07f4-40ed-b796-5620d0e509a3" timestamp="2021-03-20T04:05:24.008Z" tests="1" failures="0" errors="0" time="0.031">
  
  <testcase name="https://crs-api.vchangyi.com/boss/app/v1/enterprise/detail?enterprise_id=112482584355712的Statuscode 是 200" time="0.031" classname="Api"/>
  
</testsuite>
<testsuite name="BOSS / 企业可用应用列表（旧）" id="d2ee86c7-505c-4026-8031-a3d784ccdc3c" timestamp="2021-03-20T04:05:24.008Z" tests="1" failures="0" errors="0" time="0.026">
  
  <testcase name="https://crs-api.vchangyi.com/boss/app/v1/app-manage/list?enterprise_id=112482584355712的Statuscode 是 200" time="0.026" classname="Api"/>
  
</testsuite>
<testsuite name="BOSS / 企业充值记录（旧）" id="53093de1-7839-4a72-b695-51c1693e9404" timestamp="2021-03-20T04:05:24.008Z" tests="1" failures="0" errors="0" time="0.050">
  
  <testcase name="https://crs-api.vchangyi.com/boss/app/v1/enterprise-payment/recharge-record的Statuscode 是 200" time="0.050" classname="Api"/>
  
</testsuite>
<testsuite name="BOSS / 小程序列表" id="388cba54-bb27-4d91-a833-bf09fac66071" timestamp="2021-03-20T04:05:24.008Z" tests="1" failures="0" errors="0" time="0.034">
  
  <testcase name="https://crs-api.vchangyi.com/boss/app/v1/mini-program/list?keywords=&amp;type=&amp;audit_status=&amp;page=1&amp;limit=10的Statuscode 是 200" time="0.034" classname="Api"/>
  
</testsuite>
<testsuite name="BOSS / 小程序搜索" id="1ac1c6ab-9dfd-4373-a0a6-9bcbd956221d" timestamp="2021-03-20T04:05:24.008Z" tests="1" failures="0" errors="0" time="0.065">
  
  <testcase name="https://crs-api.vchangyi.com/boss/app/v1/mini-program/list?keywords=%E4%BD%B0%E5%B7%9D&amp;type=&amp;audit_status=&amp;page=1&amp;limit=10的Statuscode 是 200" time="0.065" classname="Api"/>
  
</testsuite>
<testsuite name="BOSS / 小程序详情" id="00e8adba-1876-44ed-a10b-5a3cc5865c53" timestamp="2021-03-20T04:05:24.008Z" tests="1" failures="0" errors="0" time="0.081">
  
  <testcase name="Successful POST request" time="0.081" classname="Api"/>
  
</testsuite>
<testsuite name="BOSS / 小程序授权状态" id="2f222417-9307-4372-9b1f-36926a0796cd" timestamp="2021-03-20T04:05:24.008Z" tests="1" failures="0" errors="0" time="0.349">
  
  <testcase name="https://crs-api.vchangyi.com/boss/app/v1/open-platform/audit-quota?app_id=wx4498b2cce4f12985的Statuscode 是 200" time="0.349" classname="Api"/>
  
</testsuite>
<testsuite name="BOSS / 自动发版列表" id="51d63fb2-b6b6-4fec-8196-6b136cb7eb4d" timestamp="2021-03-20T04:05:24.008Z" tests="1" failures="0" errors="0" time="0.199">
  
  <testcase name="https://crs-api.vchangyi.com/boss/app/v1/auto-release/list的Statuscode 是 200" time="0.199" classname="Api"/>
  
</testsuite>
<testsuite name="BOSS / 自动发版搜索" id="d9a44c65-40b6-49d8-ae33-c0956db644bf" timestamp="2021-03-20T04:05:24.008Z" tests="1" failures="0" errors="0" time="0.486">
  
  <testcase name="https://crs-api.vchangyi.com/boss/app/v1/auto-release/list的Statuscode 是 200" time="0.486" classname="Api"/>
  
</testsuite>
<testsuite name="BOSS / 行业列表" id="459fc71d-e78e-4ed2-9e13-1eadbd2f28e5" timestamp="2021-03-20T04:05:24.008Z" tests="1" failures="0" errors="0" time="0.028">
  
  <testcase name="https://crs-api.vchangyi.com/boss/app/v1/industry/list的Statuscode 是 200" time="0.028" classname="Api"/>
  
</testsuite>
<testsuite name="BOSS / 企业列表(新)" id="d3b470de-992e-4e93-8ff4-fbe113cc1308" timestamp="2021-03-20T04:05:24.008Z" tests="1" failures="0" errors="0" time="0.059">
  
  <testcase name="https://crs-api.vchangyi.com/boss/app/v1/enterprise-new/list?name=&amp;version=&amp;industry_id=&amp;business_source=&amp;expire_type=&amp;page=1&amp;limit=10的Statuscode 是 200" time="0.059" classname="Api"/>
  
</testsuite>
<testsuite name="BOSS / 企业列表搜索" id="0e7195d4-bcab-4281-93d2-6216f42bce30" timestamp="2021-03-20T04:05:24.008Z" tests="1" failures="0" errors="0" time="0.075">
  
  <testcase name="https://crs-api.vchangyi.com/boss/app/v1/enterprise-new/list?name=%E7%95%85%E7%A7%BB&amp;version=&amp;industry_id=&amp;business_source=&amp;expire_type=&amp;page=1&amp;limit=10的Statuscode 是 200" time="0.075" classname="Api"/>
  
</testsuite>
<testsuite name="BOSS / 支付服务商列表" id="c52d275a-18c6-4ba2-96c4-779d81faac72" timestamp="2021-03-20T04:05:24.008Z" tests="1" failures="0" errors="0" time="0.052">
  
  <testcase name="https://crs-api.vchangyi.com/boss/app/v1/merchant/list的Statuscode 是 200" time="0.052" classname="Api"/>
  
</testsuite>
<testsuite name="BOSS / 企业详情" id="4d213f65-4048-436d-bd03-cc248870e18f" timestamp="2021-03-20T04:05:24.008Z" tests="1" failures="0" errors="0" time="0.159">
  
  <testcase name="https://crs-api.vchangyi.com/boss/app/v1/enterprise-new/detail的Statuscode 是 200" time="0.159" classname="Api"/>
  
</testsuite>
<testsuite name="BOSS / 企业付费信息统计" id="144b09bb-33e2-4c90-be10-ec09510529ef" timestamp="2021-03-20T04:05:24.008Z" tests="1" failures="0" errors="0" time="0.065">
  
  <testcase name="https://crs-api.vchangyi.com/boss/app/v1/enterprise-payment/statistics的Statuscode 是 200" time="0.065" classname="Api"/>
  
</testsuite>
<testsuite name="BOSS / 企业支付记录列表" id="7c7d5bb2-6f83-483a-835e-fab7dcfc5f60" timestamp="2021-03-20T04:05:24.008Z" tests="1" failures="0" errors="0" time="0.031">
  
  <testcase name="https://crs-api.vchangyi.com/boss/app/v1/enterprise-payment/list的Statuscode 是 200" time="0.031" classname="Api"/>
  
</testsuite>
<testsuite name="BOSS / 商城公告列表" id="19b4fd5f-2b7e-42c3-8f07-3ba730ad8251" timestamp="2021-03-20T04:05:24.008Z" tests="1" failures="0" errors="0" time="0.027">
  
  <testcase name="https://crs-api.vchangyi.com/boss/app/v1/announcement/list的Statuscode 是 200" time="0.027" classname="Api"/>
  
</testsuite>
<testsuite name="BOSS / 公告详情" id="30d0d842-013f-4335-8fbb-fdf9ba241605" timestamp="2021-03-20T04:05:24.008Z" tests="1" failures="0" errors="0" time="0.025">
  
  <testcase name="https://crs-api.vchangyi.com/boss/app/v1/announcement/detail的Statuscode 是 200" time="0.025" classname="Api"/>
  
</testsuite>
<testsuite name="Console / ConsoleLogin" id="d4f84f00-2515-46df-92bb-ebee9cb83392" timestamp="2021-03-20T04:05:24.008Z" tests="1" failures="0" errors="0" time="0.222">
  
  <testcase name="https://crs-api.vchangyi.com/gw-scrm/login的Statuscode 是 200" time="0.222" classname="Api"/>
  
</testsuite>
<testsuite name="Console / get-token" id="c4093b20-03e1-4368-92bf-c058b9c61ed3" timestamp="2021-03-20T04:05:24.008Z" tests="1" failures="0" errors="0" time="0.245">
  
  <testcase name="https://crs-api.vchangyi.com/gw-scrm/get-token的Statuscode 是 200" time="0.245" classname="Api"/>
  
</testsuite>
<testsuite name="Console / changeEnterpriseList" id="c7962dbc-b12d-4927-89ea-ce771fc86ac2" timestamp="2021-03-20T04:05:24.008Z" tests="1" failures="0" errors="0" time="0.091">
  
  <testcase name="https://crs-api.vchangyi.com/gw-scrm/change-enterprise-list的Statuscode 是 200" time="0.091" classname="Api"/>
  
</testsuite>
<testsuite name="Console / 购买通知" id="321ee7f0-0cf2-4899-9c58-a90f6e36332c" timestamp="2021-03-20T04:05:24.008Z" tests="1" failures="0" errors="0" time="0.031">
  
  <testcase name="https://crs-api.vchangyi.com/gw-scrm/index/buy/notice的Statuscode 是 200" time="0.031" classname="Api"/>
  
</testsuite>
<testsuite name="Console / 基本配置" id="df8fc5aa-84b3-4a88-b45c-be96dfe6d423" timestamp="2021-03-20T04:05:24.008Z" tests="1" failures="0" errors="0" time="0.058">
  
  <testcase name="https://crs-api.vchangyi.com/gw-scrm/index/base/config的Statuscode 是 200" time="0.058" classname="Api"/>
  
</testsuite>
<testsuite name="Console / 企微好友统计" id="41a4b803-112d-4b80-9c1c-355340ab903f" timestamp="2021-03-20T04:05:24.008Z" tests="1" failures="0" errors="0" time="1.274">
  
  <testcase name="https://crs-api.vchangyi.com/gw-scrm/index/qw/friend的Statuscode 是 200" time="1.274" classname="Api"/>
  
</testsuite>
<testsuite name="Console / shoppersList" id="12798204-e959-442f-a1b7-0cde7439111b" timestamp="2021-03-20T04:05:24.008Z" tests="1" failures="0" errors="0" time="0.953">
  
  <testcase name="https://crs-api.vchangyi.com/gw-scrm/index/shoppers/list的Statuscode 是 200" time="0.953" classname="Api"/>
  
</testsuite>
<testsuite name="Console / shopFee" id="2b4a69cb-0e8b-428a-ac5c-bb6c4b9a659d" timestamp="2021-03-20T04:05:24.008Z" tests="1" failures="0" errors="0" time="1.154">
  
  <testcase name="https://crs-api.vchangyi.com/gw-scrm/index/shop/fee的Statuscode 是 200" time="1.154" classname="Api"/>
  
</testsuite>
<testsuite name="Console / shopConversion" id="ecf59159-899a-4678-aeb8-a55938dadacb" timestamp="2021-03-20T04:05:24.008Z" tests="1" failures="0" errors="0" time="2.270">
  
  <testcase name="https://crs-api.vchangyi.com/gw-scrm/index/shop/conversion的Statuscode 是 200" time="2.270" classname="Api"/>
  
</testsuite>
<testsuite name="Console / StoreList" id="ea5fb6ac-417e-4b36-b4b1-02ff85158a1c" timestamp="2021-03-20T04:05:24.008Z" tests="1" failures="0" errors="0" time="0.061">
  
  <testcase name="https://crs-api.vchangyi.com/gw-scrm/index/store/list的Statuscode 是 200" time="0.061" classname="Api"/>
  
</testsuite>
<testsuite name="Console / ConsoleIndex" id="01b7dbe3-f428-42af-a21b-6901dc27ce39" timestamp="2021-03-20T04:05:24.008Z" tests="1" failures="0" errors="0" time="0.846">
  
  <testcase name="https://crs-api.vchangyi.com/gw-console/v1/goods/stock-warning/console-index的Statuscode 是 200" time="0.846" classname="Api"/>
  
</testsuite>
<testsuite name="Console / IndexHelp" id="f250e886-4ab4-464b-b6a0-be07ed186b60" timestamp="2021-03-20T04:05:24.008Z" tests="1" failures="0" errors="0" time="0.059">
  
  <testcase name="https://crs-api.vchangyi.com/gw-scrm/index/help的Statuscode 是 200" time="0.059" classname="Api"/>
  
</testsuite>
<testsuite name="Console / 部门列表" id="3863c682-de25-45a6-803b-43e51889d017" timestamp="2021-03-20T04:05:24.008Z" tests="1" failures="0" errors="0" time="0.021">
  
  <testcase name="https://crs-api.vchangyi.com/gw-scrm/departments/list的Statuscode 是 200" time="0.021" classname="Api"/>
  
</testsuite>
<testsuite name="Console / 员工列表" id="aa24d325-4298-4ff6-bf69-1a942c6f0c2d" timestamp="2021-03-20T04:05:24.008Z" tests="1" failures="0" errors="0" time="0.021">
  
  <testcase name="https://crs-api.vchangyi.com/gw-scrm/members/list的Statuscode 是 200" time="0.021" classname="Api"/>
  
</testsuite>
<testsuite name="Console / 重复客户列表" id="79eb81a8-4f08-41eb-9989-b6617acf058d" timestamp="2021-03-20T04:05:24.008Z" tests="1" failures="0" errors="0" time="0.021">
  
  <testcase name="https://crs-api.vchangyi.com/gw-scrm/customer/repeat-customer的Statuscode 是 200" time="0.021" classname="Api"/>
  
</testsuite>
<testsuite name="Console / 流失客户列表" id="d629f992-efab-4184-bac0-b7e717277cb9" timestamp="2021-03-20T04:05:24.008Z" tests="1" failures="0" errors="0" time="0.020">
  
  <testcase name="https://crs-api.vchangyi.com/gw-scrm/customer/loss-customers-list的Statuscode 是 200" time="0.020" classname="Api"/>
  
</testsuite>
<testsuite name="Console / MessageList" id="8ff5885b-eae0-437e-aa26-9974237103f7" timestamp="2021-03-20T04:05:24.008Z" tests="1" failures="0" errors="0" time="0.021">
  
  <testcase name="https://crs-api.vchangyi.com/gw-scrm/customer/message-list的Statuscode 是 200" time="0.021" classname="Api"/>
  
</testsuite>
<testsuite name="Console / Moment-list" id="99eabb38-6df6-4948-9e23-48eb23593567" timestamp="2021-03-20T04:05:24.008Z" tests="1" failures="0" errors="0" time="0.031">
  
  <testcase name="https://crs-api.vchangyi.com/gw-scrm/departments/moment-list的Statuscode 是 200" time="0.031" classname="Api"/>
  
</testsuite>
<testsuite name="Console / mementList" id="e93b6358-e491-417c-8212-76fc22bec3b6" timestamp="2021-03-20T04:05:24.008Z" tests="1" failures="0" errors="0" time="0.023">
  
  <testcase name="https://crs-api.vchangyi.com/gw-scrm/members/momentList的Statuscode 是 200" time="0.023" classname="Api"/>
  
</testsuite>
<testsuite name="Console / moment-list" id="095b4b57-ea13-4be1-ad8c-1b2e2a0af445" timestamp="2021-03-20T04:05:24.008Z" tests="1" failures="0" errors="0" time="0.023">
  
  <testcase name="https://crs-api.vchangyi.com/gw-scrm/departments/moment-list的Statuscode 是 200" time="0.023" classname="Api"/>
  
</testsuite>
<testsuite name="Console / momentList" id="c298af4d-0933-4c42-9ac5-dbfb7a2835ce" timestamp="2021-03-20T04:05:24.008Z" tests="1" failures="0" errors="0" time="0.021">
  
  <testcase name="https://crs-api.vchangyi.com/gw-scrm/members/momentList的Statuscode 是 200" time="0.021" classname="Api"/>
  
</testsuite>
<testsuite name="Console / update-message" id="d5e763ff-d052-4767-9c6f-28de570a4cc6" timestamp="2021-03-20T04:05:24.008Z" tests="1" failures="0" errors="0" time="0.031">
  
  <testcase name="https://crs-api.vchangyi.com/gw-scrm/customer/update-message的Statuscode 是 200" time="0.031" classname="Api"/>
  
</testsuite>
<testsuite name="Applets / Mocklogin" id="97ed32f8-5c5a-4d14-8303-5674bf2eb85f" timestamp="2021-03-20T04:05:24.008Z" tests="2" failures="1" errors="0" time="0.047">
  
  <testcase name="https://shop-api-crs.vchangyi.com/gw-shop/get_token?enterprise_id=16&amp;size=1&amp;type=2&amp;has_mobile=1的Statuscode 是 200" time="0.047" classname="Api"/>
  
  <testcase name="https://shop-api-crs.vchangyi.com/gw-shop/get_token?enterprise_id=16&amp;size=1&amp;type=2&amp;has_mobile=1可以获取用户token" time="0.047" classname="Api">
    
    <failure type="AssertionFailure" message="Unexpected token &apos;签&apos; at 1:1
签名错误
^">
      
      <![CDATA[Failed 1 times.]]>
      
      <![CDATA[Collection JSON ID: 2aa5d76c-6a14-49e2-ad2f-e78f889cdea5.]]>
      
      <![CDATA[Collection name: API.]]>
      
      <![CDATA[Request name: Applets / Mocklogin.]]>
      
      <![CDATA[Test description: https://shop-api-crs.vchangyi.com/gw-shop/get_token?enterprise_id=16&size=1&type=2&has_mobile=1可以获取用户token.]]>
      
      <![CDATA[Error message: Unexpected token '签' at 1:1
签名错误
^.]]>
      
      <![CDATA[Stacktrace: JSONError: Unexpected token '签' at 1:1
签名错误
^
   at Object.eval sandbox-script.js:2:44).]]>
      
    </failure>
    
  </testcase>
  
</testsuite>

</testsuites>