<?xml version="1.0" encoding="utf-8"?><testsuites><testsuite name="pytest" errors="24" failures="7" skipped="10" tests="86" time="428.850" timestamp="2021-03-23T15:05:58.460605" hostname="AppledeMacBook-Air-2"><testcase classname="tests.scripts.goods.test_goods_001.Test_goods_add_001" name="test_goods_query_001" time="0.436"><failure message="AttributeError: 'Goods' object has no attribute 'addGoods'">self = &lt;tests.scripts.goods.test_goods_001.Test_goods_add_001 object at 0x10a12cca0&gt;

    def test_goods_query_001(self):
&gt;       res = self.goods.addGoods(self.params)
E       AttributeError: 'Goods' object has no attribute 'addGoods'

tests/scripts/goods/test_goods_001.py:41: AttributeError</failure></testcase><testcase classname="tests.scripts.goods.test_goods_001.Test_goods_add_001" name="test_goods_002" time="0.003"><failure message="assert False">self = &lt;tests.scripts.goods.test_goods_001.Test_goods_add_001 object at 0x10a15a8e0&gt;

    def test_goods_002(self):
&gt;       assert False
E       assert False

tests/scripts/goods/test_goods_001.py:57: AssertionError</failure></testcase><testcase classname="tests.scripts.goods.test_goods_addSpecTemplate_001.Test_goods_addSpecTemplate_001" name="test_addSpecTemplate_001" time="13.930" /><testcase classname="tests.scripts.goods.test_goods_add_mutiSku_publish_001.Test_goods_add_mutiSku_publish_001" name="test_goods_add_mutiSku_publish" time="6.063" /><testcase classname="tests.scripts.goods.test_goods_add_mutisku_publish_onsale_001.Test_goods_add_mutiSku_publish_001" name="test_goods_add_mutiSku_publish" time="10.177" /><testcase classname="tests.scripts.goods.test_goods_add_mutisku_publish_onsale_002.Test_goods_add_mutiSku_publish_002" name="test_goods_add_mutiSku_publish" time="9.269"><error message="failed on teardown with &quot;assert (500 == 200&#10;  +500&#10;  -200)&quot;">self = &lt;tests.scripts.goods.test_goods_add_mutisku_publish_onsale_002.Test_goods_add_mutiSku_publish_002 object at 0x10a2710d0&gt;

    @pytest.fixture()
    def ini(self):
        self.goods = Goods()
        self.logger = Logger.Logger()
        self.addPostageParam = ReaderFile.readerJson("addPostage.json")
        self.addSpecTemplateParam = ReaderFile.readerJson("addSpecTemplate.json")
        self.addGoodsParam = ReaderFile.readerJson("addMutiSkuGoods.json")
        self.specTemplate = SpecTemplate()
        self.postage = Postage()
        # 新增商品，保存
        addGoodsRes = self.goods.addGoods(self.addPostageParam, self.addSpecTemplateParam, self.addGoodsParam)
        self.logger.info("addGoodRes: {0}".format(addGoodsRes.json()))
        assert addGoodsRes.json()["data"]["spu_id"] is not None
        self.spuId = addGoodsRes.json()["data"]["spu_id"]
        self.publishGoodsParam = {"spu_id":self.spuId}
        # 发布上面新增的商品
        publishRes = self.goods.publishGoods(self.publishGoodsParam)
        self.logger.info("publishRes: {0}".format(publishRes.json()))
        # print("addGoodRes: {0}".format(publishRes.json()))
        assert publishRes.json()["data"]["spu_id"] is not None
        self.saleParam = {"spu_id": [], "sku_id": []}
        self.saleParam["spu_id"].append(self.spuId)
    
        yield self.saleParam,self.addPostageParam, self.addSpecTemplateParam, self.addGoodsParam,self.specTemplate
        # 下架商品
        offsaleParam = self.saleParam
        offsaleRes = self.goods.offsaleGoods(offsaleParam)
        self.logger.info("osssale goods res ]info {0}".format(offsaleRes))
        print("offsaleRes: {0}".format(offsaleRes))
    
        # 删除添加的商品
        delGoods = {"channel_type":1,"spu_id": self.spuId}
        delRes = self.goods.delSpu(delGoods).json()
        assert delRes["code"] == 200 and delRes["message"] == "success"
        print("delGoods: {0}".format(delRes))
        # 删除规格模板
        self.delSpecParam = {"attribute_template_id": self.specTemplateId}
        delRes = self.specTemplate.deleteSpecTemplate(self.delSpecParam)
        assert delRes.status_code == 200
        # 删除邮费模板
        for postageID in self.postageIdList:
            delParam = {"postage_id":postageID}
            delRes = self.postage.delete_postage(delParam)
            self.logger.info("delRes {0}".format(delRes.json()))
            print("delRes {0}".format(delRes.json()))
&gt;           assert delRes.status_code == 200 and delRes.json()["message"] == "success"
E           assert (500 == 200
E             +500
E             -200)

tests/scripts/goods/test_goods_add_mutisku_publish_onsale_002.py:72: AssertionError</error></testcase><testcase classname="tests.scripts.goods.test_goods_add_mutisku_publish_onsale_003.Test_goods_add_mutiSku_publish_003" name="test_goods_add_mutiSku_publish" time="7.340"><error message="failed on teardown with &quot;assert (500 == 200&#10;  +500&#10;  -200)&quot;">self = &lt;tests.scripts.goods.test_goods_add_mutisku_publish_onsale_003.Test_goods_add_mutiSku_publish_003 object at 0x10a121d60&gt;

    @pytest.fixture()
    def ini(self):
        self.goods = Goods()
        self.logger = Logger.Logger()
        self.addPostageParam = ReaderFile.readerJson("addPostage.json")
        self.addSpecTemplateParam = ReaderFile.readerJson("addSpecTemplate.json")
        self.addGoodsParam = ReaderFile.readerJson("addMutiSkuGoods.json")
        self.specTemplate = SpecTemplate()
        self.postage = Postage()
        # 新增商品，保存
        addGoodsRes = self.goods.addGoods(self.addPostageParam, self.addSpecTemplateParam, self.addGoodsParam)
        self.logger.info("addGoodRes: {0}".format(addGoodsRes.json()))
        assert addGoodsRes.json()["data"]["spu_id"] is not None
        self.spuId = addGoodsRes.json()["data"]["spu_id"]
        self.publishGoodsParam = {"spu_id":self.spuId}
        # 发布上面新增的商品
        publishRes = self.goods.publishGoods(self.publishGoodsParam)
        self.logger.info("publishRes: {0}".format(publishRes.json()))
        # print("addGoodRes: {0}".format(publishRes.json()))
        assert publishRes.json()["data"]["spu_id"] is not None
        self.saleParam = {"spu_id": [], "sku_id": []}
        self.saleParam["spu_id"].append(self.spuId)
    
        yield self.saleParam,self.addPostageParam, self.addSpecTemplateParam, self.addGoodsParam,self.specTemplate
        # 下架商品
        offsaleParam = self.saleParam
        offsaleRes = self.goods.offsaleGoods(offsaleParam)
        self.logger.info("osssale goods res ]info {0}".format(offsaleRes))
        print("offsaleRes: {0}".format(offsaleRes))
    
        # 删除添加的商品
        delGoods = {"channel_type":1,"spu_id": self.spuId}
        delRes = self.goods.delSpu(delGoods).json()
        assert delRes["code"] == 200 and delRes["message"] == "success"
        print("delGoods: {0}".format(delRes))
        # 删除规格模板
        self.delSpecParam = {"attribute_template_id": self.specTemplateId}
        delRes = self.specTemplate.deleteSpecTemplate(self.delSpecParam)
        assert delRes.status_code == 200
        # 删除邮费模板
        for postageID in self.postageIdList:
            delParam = {"postage_id":postageID}
            delRes = self.postage.delete_postage(delParam)
            self.logger.info("delRes {0}".format(delRes.json()))
            print("delRes {0}".format(delRes.json()))
&gt;           assert delRes.status_code == 200 and delRes.json()["message"] == "success"
E           assert (500 == 200
E             +500
E             -200)

tests/scripts/goods/test_goods_add_mutisku_publish_onsale_003.py:70: AssertionError</error></testcase><testcase classname="tests.scripts.goods.test_goods_add_mutisku_publish_onsale_004.Test_goods_add_mutiSku_publish_004" name="test_goods_add_mutiSku_publish" time="66.963" /><testcase classname="tests.scripts.goods.test_goods_add_noPostage_001.Test_goods_add_noPostage_001" name="test_goods_add_noPostage" time="0.000"><skipped type="pytest.skip" message="接口符合要求的情况下，增加商品会失败，目前会成功，造成环境脏数据">/Users/apple/IdeaProjects/api-automated-testing/tests/scripts/goods/test_goods_add_noPostage_001.py:64: 接口符合要求的情况下，增加商品会失败，目前会成功，造成环境脏数据</skipped></testcase><testcase classname="tests.scripts.goods.test_goods_add_noSpecTemplate_001.Test_goods_add_noSpecTemplate_001" name="test_goods_add_noSpecTemplate" time="0.000"><skipped type="pytest.skip" message="接口符合要求的情况下，增加商品会失败，目前会成功，造成环境脏数据">/Users/apple/IdeaProjects/api-automated-testing/tests/scripts/goods/test_goods_add_noSpecTemplate_001.py:58: 接口符合要求的情况下，增加商品会失败，目前会成功，造成环境脏数据</skipped></testcase><testcase classname="tests.scripts.goods.test_goods_add_paramCheck_001.Test_goods_add_paramCheck_001" name="test_goods_paramCheck[addGoodsParam0]" time="0.000"><skipped type="pytest.skip" message="暂时跳过该用例">/Users/apple/IdeaProjects/api-automated-testing/tests/scripts/goods/test_goods_add_paramCheck_001.py:62: 暂时跳过该用例</skipped></testcase><testcase classname="tests.scripts.goods.test_goods_add_paramCheck_001.Test_goods_add_paramCheck_001" name="test_goods_paramCheck[addGoodsParam1]" time="0.000"><skipped type="pytest.skip" message="暂时跳过该用例">/Users/apple/IdeaProjects/api-automated-testing/tests/scripts/goods/test_goods_add_paramCheck_001.py:62: 暂时跳过该用例</skipped></testcase><testcase classname="tests.scripts.goods.test_goods_add_paramCheck_001.Test_goods_add_paramCheck_001" name="test_goods_paramCheck[addGoodsParam2]" time="0.000"><skipped type="pytest.skip" message="暂时跳过该用例">/Users/apple/IdeaProjects/api-automated-testing/tests/scripts/goods/test_goods_add_paramCheck_001.py:62: 暂时跳过该用例</skipped></testcase><testcase classname="tests.scripts.goods.test_goods_add_paramCheck_001.Test_goods_add_paramCheck_001" name="test_goods_paramCheck[addGoodsParam3]" time="0.000"><skipped type="pytest.skip" message="暂时跳过该用例">/Users/apple/IdeaProjects/api-automated-testing/tests/scripts/goods/test_goods_add_paramCheck_001.py:62: 暂时跳过该用例</skipped></testcase><testcase classname="tests.scripts.goods.test_goods_add_publish_001.Test_goods_addgoods" name="test_goods_publishGoods" time="3.748" /><testcase classname="tests.scripts.goods.test_goods_add_publish_onsale_001.Test_goods_add_publish_onsale_goods" name="test_goods_onsaleGoods" time="5.952" /><testcase classname="tests.scripts.goods.test_goods_add_publish_onsale_002.Test_goods_add_publish_onsale_goods" name="test_goods_onsaleGoods" time="4.990" /><testcase classname="tests.scripts.goods.test_goods_add_publish_onsale_003.Test_goods_add_publish_onsale_goods" name="test_goods_onsaleGoods" time="7.106" /><testcase classname="tests.scripts.goods.test_goods_add_publish_onsale_004.Test_goods_add_publish_onsale_goods" name="test_goods_onsaleGoods" time="6.395"><error message="failed on teardown with &quot;assert (500 == 200&#10;  +500&#10;  -200)&quot;">self = &lt;tests.scripts.goods.test_goods_add_publish_onsale_004.Test_goods_add_publish_onsale_goods object at 0x10a2d30a0&gt;

    @pytest.fixture()
    def ini(self):
        self.goods = Goods()
        self.logger = Logger.Logger()
        self.specTemplate = SpecTemplate()
        self.postage = Postage()
        self.shopGoods = ShopGoods()
        self.addPostageParam = ReaderFile.readerJson("addPostage.json")
        self.addSpecTemplateParam = ReaderFile.readerJson("addSpecTemplate.json")
        self.addGoodsParam = ReaderFile.readerJson("addGoods.json")
        self.delSpecParam = {"attribute_template_id": 123456789}
        self.addGoodsParam["is_release"] = 1
        # 新增并发布商品
        addGoodsRes = self.goods.addGoods(self.addPostageParam, self.addSpecTemplateParam, self.addGoodsParam)
        self.logger.info("addGoodRes: {0}".format(addGoodsRes.json()))
        assert addGoodsRes.json()["data"]["spu_id"] is not None
        self.spuId = addGoodsRes.json()["data"]["spu_id"]
        self.saleParam = {"spu_id": [], "sku_id": []}
        self.saleParam["spu_id"].append(self.spuId)
    
        yield self.saleParam, self.spuId,self.addGoodsParam,self.shopGoods
    
        #下架商品
        offsaleParam = self.saleParam
        offsaleRes = self.goods.offsaleGoods(offsaleParam)
        self.logger.info("osssale goods res ]info {0}".format(offsaleRes))
        # print("offsaleRes: {0}".format(offsaleRes))
        # 删除添加的商品
        delGoods = {"channel_type": 1, "spu_id": self.spuId}
        # print("&amp;&amp;&amp;&amp;&amp;&amp;&amp;",delGoods)
        delRes = self.goods.delSpu(delGoods).json()
        # print("delGoods: {0}".format(delRes))
        # 删除规格模板
        self.delSpecParam["attribute_template_id"] = self.specTemplateId
        delRes = self.specTemplate.deleteSpecTemplate(self.delSpecParam)
        assert delRes.status_code == 200
        # 删除邮费模板
        params = {"page": 1, "size": 1, "start_time": "", "end_time": "", "time_type": 1}
        res = self.postage.query_postage(params)  # 查询时间区间内邮费模板数据
        self.logger.info("Query postage res ]info {0}".format(res))
        self.postageID = res["data"]["list"][0]["id"]
        delParam = {"postage_id": self.postageID}
        delRes = self.postage.delete_postage(delParam)
        self.logger.info("delRes {0}".format(delRes.json()))
        # print("delRes {0}".format(delRes.json()))
&gt;       assert delRes.status_code == 200 and delRes.json()["message"] == "success"
E       assert (500 == 200
E         +500
E         -200)

tests/scripts/goods/test_goods_add_publish_onsale_004.py:68: AssertionError</error></testcase><testcase classname="tests.scripts.goods.test_goods_add_singleSku_001.Test_goods_addgoods" name="test_goods_addGoods" time="4.211" /><testcase classname="tests.scripts.goods.test_goods_copyGoods_001.Test_goods_copyGoods" name="test_goods_copyGoods" time="4.434"><error message="failed on teardown with &quot;assert (500 == 200&#10;  +500&#10;  -200)&quot;">self = &lt;tests.scripts.goods.test_goods_copyGoods_001.Test_goods_copyGoods object at 0x10a271b50&gt;

    @pytest.fixture()
    def ini(self):
        self.goods = Goods()
        self.logger = Logger.Logger()
        self.postage = Postage()
        self.specTemplate = SpecTemplate()
        self.addPostageParam = ReaderFile.readerJson("addPostage.json")
        self.addSpecTemplateParam = ReaderFile.readerJson("addSpecTemplate.json")
        self.addGoodsParam = ReaderFile.readerJson("addGoods.json")
        self.delSpecParam = {"attribute_template_id": 123456789}
        # 新增商品，保存
        addGoodsRes = self.goods.addGoods(self.addPostageParam, self.addSpecTemplateParam, self.addGoodsParam)
        self.logger.info("addGoodRes: {0}".format(addGoodsRes.json()))
        assert addGoodsRes.json()["data"]["spu_id"] is not None
        # 查询未发布商品列表的第一条数据
        listParam = {"page": 1, "size": 1, "searchParams": {"searchReleaseStatus": 0}}
        listRes = self.goods.listSpu(listParam)
        self.logger.info("listRes: {0}".format(listRes))
        assert listRes["data"]["list"][0]["id"] == addGoodsRes.json()["data"]["spu_id"]
        self.spuId = addGoodsRes.json()["data"]["spu_id"]
    
        yield self.addPostageParam,self.addGoodsParam,self.addSpecTemplateParam,self.spuId
    
        # 删除添加的商品
        delGoods = {"channel_type": 1, "spu_id": self.spuId}
        print("&amp;&amp;&amp;&amp;&amp;&amp;&amp;", delGoods)
        delRes = self.goods.delSpu(delGoods).json()
        print("delGoods1: {0}".format(delRes))
        delGoods = {"channel_type": 1, "spu_id": self.copySpuId}
        delRes = self.goods.delSpu(delGoods).json()
        print("delGoods2: {0}".format(delRes))
        # 删除规格模板
        self.delSpecParam["attribute_template_id"] = self.specTemplateId
        param = self.delSpecParam
        delRes = self.specTemplate.deleteSpecTemplate(param)
        assert delRes.status_code == 200
        # 删除邮费模板
        params = {"page": 1, "size": 1, "start_time": "", "end_time": "", "time_type": 1}
        res = self.postage.query_postage(params)  # 查询时间区间内邮费模板数据
        self.logger.info("Query postage res ]info {0}".format(res))
        self.postageID = res["data"]["list"][0]["id"]
        delParam = {"postage_id": self.postageID}
        delRes = self.postage.delete_postage(delParam)
        self.logger.info("delRes {0}".format(delRes.json()))
        print("delRes {0}".format(delRes.json()))
&gt;       assert delRes.status_code == 200 and delRes.json()["message"] == "success"
E       assert (500 == 200
E         +500
E         -200)

tests/scripts/goods/test_goods_copyGoods_001.py:68: AssertionError</error></testcase><testcase classname="tests.scripts.goods.test_goods_copyGoods_002.Test_goods_copyGoods" name="test_goods_copyGoods" time="9.478"><error message="failed on teardown with &quot;assert (500 == 200&#10;  +500&#10;  -200)&quot;">self = &lt;tests.scripts.goods.test_goods_copyGoods_002.Test_goods_copyGoods object at 0x10a2d3490&gt;

    @pytest.fixture()
    def ini(self):
        self.goods = Goods()
        self.logger = Logger.Logger()
        self.postage = Postage()
        self.specTemplate = SpecTemplate()
        self.addPostageParam = ReaderFile.readerJson("addPostage.json")
        self.addSpecTemplateParam = ReaderFile.readerJson("addSpecTemplate.json")
        self.addGoodsParam = ReaderFile.readerJson("addMutiSkuGoods.json")
        self.delSpecParam = {"attribute_template_id": 123456789}
        # 新增商品，保存
        addGoodsRes = self.goods.addGoods(self.addPostageParam, self.addSpecTemplateParam, self.addGoodsParam)
        self.logger.info("addGoodRes: {0}".format(addGoodsRes.json()))
        assert addGoodsRes.json()["data"]["spu_id"] is not None
        # 查询未发布商品列表的第一条数据
        listParam = {"page": 1, "size": 1, "searchParams": {"searchReleaseStatus": 0}}
        listRes = self.goods.listSpu(listParam)
        self.logger.info("listRes: {0}".format(listRes))
        assert listRes["data"]["list"][0]["id"] == addGoodsRes.json()["data"]["spu_id"]
        self.spuId = addGoodsRes.json()["data"]["spu_id"]
    
        # 发布上面新增的商品
        publishParam = {"spu_id":self.spuId}
        publishRes = self.goods.publishGoods(publishParam)
        self.logger.info("publishRes: {0}".format(publishRes.json()))
        # print("addGoodRes: {0}".format(publishRes.json()))
        assert publishRes.json()["data"]["spu_id"] is not None
    
        yield self.addPostageParam, self.addGoodsParam, self.addSpecTemplateParam, self.spuId
    
        # 删除添加的商品
        delGoods = {"channel_type": 1, "spu_id": self.spuId}
        print("&amp;&amp;&amp;&amp;&amp;&amp;&amp;", delGoods)
        delRes = self.goods.delSpu(delGoods).json()
        print("delGoods1: {0}".format(delRes))
        delGoods = {"channel_type": 1, "spu_id": self.copySpuId}
        delRes = self.goods.delSpu(delGoods).json()
        print("delGoods2: {0}".format(delRes))
        # 删除规格模板
        self.delSpecParam["attribute_template_id"] = self.specTemplateId
        param = self.delSpecParam
        delRes = self.specTemplate.deleteSpecTemplate(param)
        assert delRes.status_code == 200
        # 删除邮费模板
        params = {"page": 1, "size": 1, "start_time": "", "end_time": "", "time_type": 1}
        res = self.postage.query_postage(params)  # 查询时间区间内邮费模板数据
        self.logger.info("Query postage res ]info {0}".format(res))
        self.postageID = res["data"]["list"][0]["id"]
        delParam = {"postage_id": self.postageID}
        delRes = self.postage.delete_postage(delParam)
        self.logger.info("delRes {0}".format(delRes.json()))
        print("delRes {0}".format(delRes.json()))
&gt;       assert delRes.status_code == 200 and delRes.json()["message"] == "success"
E       assert (500 == 200
E         +500
E         -200)

tests/scripts/goods/test_goods_copyGoods_002.py:77: AssertionError</error></testcase><testcase classname="tests.scripts.goods.test_goods_copyGoods_003.Test_goods_copyGoods" name="test_goods_copyGoods" time="9.777" /><testcase classname="tests.scripts.goods.test_goods_copyGoods_004.Test_goods_copyGoods" name="test_goods_copyGoods" time="9.777" /><testcase classname="tests.scripts.goods.test_goods_copyGoods_005.Test_goods_copyGoods" name="test_goods_copyGoods" time="9.622" /><testcase classname="tests.scripts.goods.test_goods_copyGoods_006.Test_goods_copyGoods" name="test_goods_copyGoods" time="10.027" /><testcase classname="tests.scripts.goods.test_goods_copyGoods_007.Test_goods_copyGoods" name="test_goods_copyGoods" time="12.384" /><testcase classname="tests.scripts.goods.test_goods_copyGoods_008.Test_goods_copyGoods" name="test_goods_copyGoods" time="11.152"><error message="failed on setup with &quot;assert 143792905471616 == 143792894291456&#10;  +143792905471616&#10;  -143792894291456&quot;">self = &lt;tests.scripts.goods.test_goods_copyGoods_008.Test_goods_copyGoods object at 0x10a2de8b0&gt;

    @pytest.fixture()
    def ini(self):
        self.goods = Goods()
        self.logger = Logger.Logger()
        self.postage = Postage()
        self.specTemplate = SpecTemplate()
        self.addPostageParam = ReaderFile.readerJson("addPostage.json")
        self.addSpecTemplateParam = ReaderFile.readerJson("addSpecTemplate.json")
        self.addGoodsParam = ReaderFile.readerJson("addMutiSkuGoods.json")
        # 新增商品，保存
        addGoodsRes = self.goods.addGoods(self.addPostageParam, self.addSpecTemplateParam, self.addGoodsParam)
        self.logger.info("addGoodRes: {0}".format(addGoodsRes.json()))
        assert addGoodsRes.json()["data"]["spu_id"] is not None
        # 查询未发布商品列表的第一条数据
        listParam = {"page": 1, "size": 1, "searchParams": {"searchReleaseStatus": 0}}
        listRes = self.goods.listSpu(listParam)
        self.logger.info("listRes: {0}".format(listRes))
        assert listRes["data"]["list"][0]["id"] == addGoodsRes.json()["data"]["spu_id"]
        self.spuId = addGoodsRes.json()["data"]["spu_id"]
        self.publishGoodsParam = {"spu_id": self.spuId}
        # 发布上面新增的商品
        publishRes = self.goods.publishGoods(self.publishGoodsParam)
        self.logger.info("publishRes: {0}".format(publishRes.json()))
        # print("addGoodRes: {0}".format(publishRes.json()))
        assert publishRes.json()["data"]["spu_id"] is not None
        # # 上架商品
        # self.saleParam = {"spu_id": [], "sku_id": []}
        # self.saleParam["spu_id"].append(self.spuId)
        # saleRes = self.goods.saleGoods(self.saleParam)
        # self.logger.info("saleRes: {0}".format(saleRes))
        # # print("saleRes: {0}".format(saleRes))
        # assert saleRes["data"]["fail_num"] == 0
    
        # 查询全部sku列表的前两条数据
        goodlistParam = {"searchType": 1, "page": 1, "size": 2}
        goodlistRes = self.goods.queryGoodsList(goodlistParam)
        # print("888",goodlistRes)
        self.logger.info("goodlistRes: {0}".format(goodlistRes))
        self.skuIds = []
        for i in goodlistRes["data"]["list"]:
&gt;           assert i["spu_id"] == self.spuId
E           assert 143792905471616 == 143792894291456
E             +143792905471616
E             -143792894291456

tests/scripts/goods/test_goods_copyGoods_008.py:65: AssertionError</error></testcase><testcase classname="tests.scripts.goods.test_goods_copyGoods_009.Test_goods_copyGoods" name="test_goods_copyGoods" time="13.315" /><testcase classname="tests.scripts.goods.test_goods_copySpecTemplate_001.Test_goods_copySpecTemplate" name="test_goods_updateSpecTemplate" time="5.845" /><testcase classname="tests.scripts.goods.test_goods_delSpecTemplate_002.Test_goods_unPublish" name="test_goods_updateSpecTemplate" time="4.171"><error message="failed on teardown with &quot;assert (500 == 200&#10;  +500&#10;  -200)&quot;">self = &lt;tests.scripts.goods.test_goods_delSpecTemplate_002.Test_goods_unPublish object at 0x10a308940&gt;

    @pytest.fixture()
    def ini(self):
        self.myJson = MyJson()
        self.goods = Goods()
        self.logger = Logger.Logger()
        self.postage = Postage()
        self.specTemplate = SpecTemplate()
        self.addPostageParam = ReaderFile.readerJson("addPostage.json")
        self.addSpecTemplateParam = ReaderFile.readerJson("addSpecTemplate.json")
        self.addGoodsParam = ReaderFile.readerJson("addGoods.json")
        self.delSpecParam = {"attribute_template_id": 123456789}
        yield self.addPostageParam, self.addSpecTemplateParam, self.addGoodsParam, self.delSpecParam, self.myJson, self.postage
        # 删除添加的商品
        delGoods = {"channel_type": 1, "spu_id": self.spuId}
        delRes = self.goods.delSpu(delGoods).json()
        print("delGoods: {0}".format(delRes))
        # 删除规格模板
        self.delSpecParam["attribute_template_id"] = self.specTemplateId
        delRes = self.specTemplate.deleteSpecTemplate(self.delSpecParam)
        assert delRes.status_code == 200
        # 删除邮费模板
        params = {"page":1,"size":1,"start_time":"","end_time":"","time_type":1}
        res = self.postage.query_postage(params)  # 查询时间区间内邮费模板数据
        self.logger.info("Query postage res ]info {0}".format(res))
        self.postageID = res["data"]["list"][0]["id"]
        delParam = {"postage_id":self.postageID}
        delRes = self.postage.delete_postage(delParam)
        self.logger.info("delRes {0}".format(delRes.json()))
        print("delRes {0}".format(delRes.json()))
&gt;       assert delRes.status_code == 200 and delRes.json()["message"] == "success"
E       assert (500 == 200
E         +500
E         -200)

tests/scripts/goods/test_goods_delSpecTemplate_002.py:53: AssertionError</error></testcase><testcase classname="tests.scripts.goods.test_goods_delete_001.Test_goods_add_publish_onsale_goods" name="test_goods_delGoods001" time="6.594"><error message="failed on teardown with &quot;assert (500 == 200&#10;  +500&#10;  -200)&quot;">self = &lt;tests.scripts.goods.test_goods_delete_001.Test_goods_add_publish_onsale_goods object at 0x10a338160&gt;

    @pytest.fixture()
    def ini(self):
        self.goods = Goods()
        self.logger = Logger.Logger()
        self.specTemplate = SpecTemplate()
        self.postage = Postage()
        self.addPostageParam = ReaderFile.readerJson("addPostage.json")
        self.addSpecTemplateParam = ReaderFile.readerJson("addSpecTemplate.json")
        self.addGoodsParam = ReaderFile.readerJson("addGoods.json")
        self.delSpecParam = {"attribute_template_id": 123456789}
        self.addGoodsParam["is_release"] = 1
        #新增并发布，上架商品
        addGoodsRes = self.goods.addGoods(self.addPostageParam, self.addSpecTemplateParam, self.addGoodsParam)
        self.logger.info("addGoodRes: {0}".format(addGoodsRes.json()))
        assert addGoodsRes.json()["data"]["spu_id"] is not None
        self.spuId = addGoodsRes.json()["data"]["spu_id"]
        self.saleParam = {"spu_id":[],"sku_id":[]}
        self.saleParam["spu_id"].append(self.spuId)
        # print("*******************",self.saleParam)
        onsaleRes = self.goods.saleGoods(self.saleParam)
        self.logger.info("onsaleRes: {0}".format(onsaleRes))
        # print("%%%%%%%%%%",onsaleRes)
        assert onsaleRes["data"]["fail_num"] == 0
        self.offsaleParam = self.saleParam
        # 下架商品
        offsaleRes = self.goods.offsaleGoods(self.offsaleParam)
        self.logger.info("offsaleRes: {0}".format(offsaleRes))
        assert offsaleRes["code"] == 200 and offsaleRes['message'] == "success"
        goodlistParam = {"searchType": 4,"page": 1,"size": 1}
        goodlistRes = self.goods.queryGoodsList(goodlistParam)
        self.logger.info("goodlistRes: {0}".format(goodlistRes))
        assert goodlistRes["data"]["list"][0]["spu_id"] == self.spuId
        self.skuId = goodlistRes["data"]["list"][0]["sku_id"]
        yield self.offsaleParam, self.spuId,self.skuId
    
        # 删除规格模板
        self.delSpecParam["attribute_template_id"] = self.specTemplateId
        delRes = self.specTemplate.deleteSpecTemplate(self.delSpecParam)
        assert delRes.status_code == 200
        # 删除邮费模板
        params = {"page": 1, "size": 1, "start_time": "", "end_time": "", "time_type": 1}
        res = self.postage.query_postage(params)  # 查询时间区间内邮费模板数据
        self.logger.info("Query postage res ]info {0}".format(res))
        self.postageID = res["data"]["list"][0]["id"]
        delParam = {"postage_id": self.postageID}
        delRes = self.postage.delete_postage(delParam)
        self.logger.info("delRes {0}".format(delRes.json()))
        print("delRes {0}".format(delRes.json()))
&gt;       assert delRes.status_code == 200 and delRes.json()["message"] == "success"
E       assert (500 == 200
E         +500
E         -200)

tests/scripts/goods/test_goods_delete_001.py:71: AssertionError</error></testcase><testcase classname="tests.scripts.goods.test_goods_delete_001.Test_goods_add_publish_onsale_goods" name="test_goods_delGoods002" time="2.567"><error message="failed on setup with &quot;Exception: ('add goods interface fail !', '{&quot;code&quot;:151000,&quot;message&quot;:&quot;邮费模版不存在或已被删除&quot;,&quot;request_id&quot;:&quot;584ab7154e27dca079d47f48907b3e6711722&quot;,&quot;data&quot;:{}}')&quot;">self = &lt;tests.scripts.goods.test_goods_delete_001.Test_goods_add_publish_onsale_goods object at 0x10a399400&gt;

    @pytest.fixture()
    def ini(self):
        self.goods = Goods()
        self.logger = Logger.Logger()
        self.specTemplate = SpecTemplate()
        self.postage = Postage()
        self.addPostageParam = ReaderFile.readerJson("addPostage.json")
        self.addSpecTemplateParam = ReaderFile.readerJson("addSpecTemplate.json")
        self.addGoodsParam = ReaderFile.readerJson("addGoods.json")
        self.delSpecParam = {"attribute_template_id": 123456789}
        self.addGoodsParam["is_release"] = 1
        #新增并发布，上架商品
&gt;       addGoodsRes = self.goods.addGoods(self.addPostageParam, self.addSpecTemplateParam, self.addGoodsParam)

tests/scripts/goods/test_goods_delete_001.py:35: 
_ _ _ _ _ _ _ _ _ _ _ _ _ _ _ _ _ _ _ _ _ _ _ _ _ _ _ _ _ _ _ _ _ _ _ _ _ _ _ _ 

self = &lt;tests.common.goods.console.goods.Goods object at 0x10a399970&gt;
postageParam = {'delivery_region': 2, 'name': '阿树新增邮费模板', 'rule_list': [{'base_fee': 100, 'code_list': [35, 36, 37, 38, 39, 40, ...], 'increase_fee': 100, 'increase_init_value': '1', ...}], 'settlement_type': 2, ...}
specTemplateParam = {'attributes': [{'attribute_item': ['大', '中', '小'], 'attribute_name': '大小'}, {'attribute_item': ['黄', '绿', '蓝'], 'attribute_name': '颜色'}], 'tag_name': '颜色大小模板', 'template_name': '颜色大小模板'}
goodsParam = {'attr_selected_id': 143792972883456, 'attribute_template_id': 143792972883456, 'card_title': '', 'channel_type': 1, ...}

    def addGoods(self, postageParam, specTemplateParam, goodsParam):
        """
        新增商品接口
        :param postageParam: 邮费模板参数
        :param specTemplateParam: 规格模板参数
        :param goodsParam: 商品信息参数
        :return:
        """
    
        # 增加规格模板
        if specTemplateParam != "":
            res = self.specTemplate.addSpecTemplate(specTemplateParam)
            self.logger.info("add specification template res: {0}".format(res))
            addRes = res["data"]
            # print("addRes: {0}".format(addRes))
            specTemplateId = addRes["id"]
            assert specTemplateParam["template_name"] == addRes["template_name"] and addRes["id"] is not None
            # 查询规格模板详细信息
            listDetailParam = {"attribute_template_id": specTemplateId}
            listDetailRes = self.specTemplate.listDetailSpecTemplate(listDetailParam)
            self.logger.info("add specTemplate res: {0}".format(listDetailRes))
            print("add specTemplate res: {0}".format(listDetailRes))
            assert "success" == listDetailRes["message"]
    
            # 将规格模板参数拼接到商品信息中
            goodsParam["attribute_template_id"] = specTemplateId
            goodsParam["attr_selected_id"] = specTemplateId
            useOneSpecTemplate = [MyJson().value(listDetailRes["data"], "id", 3),
                                  MyJson().value(listDetailRes["data"], "id", 7)]
            goodsParam["sku"][0]["attribute_item_ids"] = useOneSpecTemplate
            # 商品为多SKU商品时，需要为第二个sku设置规格
            if len(goodsParam["sku"]) &gt; 1:
                useTwoSpecTemplate = [MyJson().value(listDetailRes["data"], "id", 4),
                                      MyJson().value(listDetailRes["data"], "id", 8)]
                goodsParam["sku"][1]["attribute_item_ids"] = useTwoSpecTemplate
    
        # 增加邮费模板
        if postageParam != "":
            res = self.postage.addPostage(postageParam)
            self.logger.info("add postage template res: {0}".format(res.json()))
            assert res.status_code == 200 and "success" in res.text
            # 查询邮费模板
            listParam = {"tag_id": "", "start_time": "", "end_time": "", "page": 1, "size": 1}
            listRes = self.specTemplate.listSpecTemplate(listParam)
            self.logger.info("list data length: {0}, data contents {1}".format(len(listRes["data"]["list"]), listRes))
            # 查询邮费模板ID
            listParam = {"page": 1, "size": 1, "start_time": "", "end_time": "", "time_type": 1}
            listRes = self.postage.query_postage(listParam)
            self.logger.info("list data length: {0}, data contents {1}".format(len(listRes["data"]["list"]), listRes))
            postageId = listRes["data"]["list"][0]["id"]
            self.logger.info("list data length: {0}, data contents {1}".format(len(listRes["data"]["list"]), listRes))
            # print("list data length: {0}, data contents {1}".format(len(listRes["data"]["list"]), listRes))
            # 将邮费模板参数拼接到商品信息中
            goodsParam["postage"][0]["postage_id"] = postageId
            # 多SKU商品，第二个SKU的物流信息是单独维护的，需要在创建一个邮费模板
            if len(goodsParam["sku"]) &gt; 1:
                goodsParam["sku"][0]["postage"][0]["postage_id"] = postageId
                postageParam["name"] = "阿树新增邮费模板Two"
                self.postage.addPostage(postageParam)
                listRes = self.postage.query_postage(listParam)
                twoPostageId = listRes["data"]["list"][0]["id"]
                goodsParam["sku"][1]["postage"][0]["postage_id"] = twoPostageId
    
        currentTime = Mytime.getCurrTime()
        goodsParam["spu_name"] = goodsParam["spu_name"] + currentTime
        self.logger.info("addGoodsParam: {0}".format(goodsParam))
    
        url = "{0}/gw-console/v1/goods/save".format(self.consoleUrl)
        res = self.httpclient.Post(url=url, json=goodsParam)
        if res.status_code == 200:
            return res
        else:
&gt;           raise Exception('add goods interface fail !', res.text)
E           Exception: ('add goods interface fail !', '{"code":151000,"message":"邮费模版不存在或已被删除","request_id":"584ab7154e27dca079d47f48907b3e6711722","data":{}}')

tests/common/goods/console/goods.py:115: Exception</error></testcase><testcase classname="tests.scripts.goods.test_goods_listDetailSpecTemplate_001.Test_goods_listDetailSpecTemplate" name="test_goods_updateSpecTemplate" time="1.962" /><testcase classname="tests.scripts.goods.test_goods_mutiSku_publish_noSale_001.Test_goods_publish_noSale" name="test_goods_publish_noSale" time="7.063"><error message="failed on teardown with &quot;assert (500 == 200&#10;  +500&#10;  -200)&quot;">self = &lt;tests.scripts.goods.test_goods_mutiSku_publish_noSale_001.Test_goods_publish_noSale object at 0x10a399790&gt;

    @pytest.fixture()
    def ini(self):
        self.goods = Goods()
        self.logger = Logger.Logger()
        self.myJson = MyJson()
        self.specTemplate = SpecTemplate()
        self.postage = Postage()
        self.addPostageParam = ReaderFile.readerJson("addPostage.json")
        self.addSpecTemplateParam = ReaderFile.readerJson("addSpecTemplate.json")
        self.addGoodsParam = ReaderFile.readerJson("addMutiSkuGoods.json")
        self.delSpecParam = {"attribute_template_id": 123456789}
        yield self.addPostageParam, self.addSpecTemplateParam, self.addGoodsParam, self.myJson, self.specTemplate, self.postage
        # 删除添加的商品
        delGoods = {"channel_type": 1, "sku_ids": self.skuIds}
        delRes = self.goods.delSku(delGoods).json()
        assert delRes["message"] == "success"
        print("delGoods: {0}".format(delRes))
        # 删除规格模板
        self.delSpecParam["attribute_template_id"] = self.specTemplateId
        delRes = self.specTemplate.deleteSpecTemplate(self.delSpecParam)
        assert delRes.status_code == 200
        # 删除邮费模板
        params = {"page":1,"size":2,"start_time":"","end_time":"","time_type":1}
        res = self.postage.query_postage(params)  # 查询时间区间内邮费模板数据
        self.logger.info("Query postage res ]info {0}".format(res))
        postageIDs = [res["data"]["list"][0]["id"],res["data"]["list"][1]["id"]]
        for postageID in postageIDs:
            delParam = {"postage_id": postageID}
            delRes = self.postage.delete_postage(delParam)
            self.logger.info("delRes {0}".format(delRes.json()))
            print("delRes {0}".format(delRes.json()))
&gt;           assert delRes.status_code == 200 and delRes.json()["message"] == "success"
E           assert (500 == 200
E             +500
E             -200)

tests/scripts/goods/test_goods_mutiSku_publish_noSale_001.py:55: AssertionError</error></testcase><testcase classname="tests.scripts.goods.test_goods_mutiSku_publish_noSale_002.Test_goods_publish_noSale" name="test_goods_publish_noSale" time="5.132"><failure message="assert 143793002845312 == 143793003312960&#10;  +143793002845312&#10;  -143793003312960">self = &lt;tests.scripts.goods.test_goods_mutiSku_publish_noSale_002.Test_goods_publish_noSale object at 0x10a346fa0&gt;
ini = ({'delivery_region': 2, 'name': '阿树新增邮费模板Two', 'rule_list': [{'base_fee': 100, 'code_list': [35, 36, 37, 38, 39, 40, ....e.specTemplate.SpecTemplate object at 0x10a3af550&gt;, &lt;tests.common.goods.console.postage.Postage object at 0x10a3af970&gt;)

    @pytest.mark.smoke
    def test_goods_publish_noSale(self, ini):
        # 保存商品信息
        addGoodsRes = self.goods.addGoods(self.addPostageParam, self.addSpecTemplateParam, self.addGoodsParam)
        self.logger.info("addGoodRes: {0}".format(addGoodsRes.json()))
        print("addGoodRes: {0}".format(addGoodsRes.json()))
        self.spuId = addGoodsRes.json()["data"]["spu_id"]
        assert self.spuId is not None
        # 未发布商品的第一条数据
        goodsListParam = {"page": 1, "size": 1, "searchParams": {"searchChannel": 0, "searchChannelOwnership": 0,"searchString": {"keyword": "", "type": 1},"searchInt": {"high": 0, "low": 0, "type": 1},"searchNeedDelete": 2,"searchTime": {"beginTimestamp": 0, "endTimestamp": 0,"type": 1}, "searchGoodsStatus": -1,"searchReleaseStatus": 0,"searchSort": {"sortColumn": 0, "sortType": 0}}}
        noPublishGoodsRes = self.goods.listSpu(goodsListParam)
&gt;       assert self.spuId == noPublishGoodsRes["data"]["list"][0]["id"]
E       assert 143793002845312 == 143793003312960
E         +143793002845312
E         -143793003312960

tests/scripts/goods/test_goods_mutiSku_publish_noSale_002.py:69: AssertionError</failure></testcase><testcase classname="tests.scripts.goods.test_goods_mutiSku_publish_noSale_002.Test_goods_publish_noSale" name="test_goods_publish_noSale" time="0.000"><error message="failed on teardown with &quot;AttributeError: 'Test_goods_publish_noSale' object has no attribute 'skuIds'&quot;">self = &lt;tests.scripts.goods.test_goods_mutiSku_publish_noSale_002.Test_goods_publish_noSale object at 0x10a346fa0&gt;

    @pytest.fixture()
    def ini(self):
        self.goods = Goods()
        self.logger = Logger.Logger()
        self.myJson = MyJson()
        self.specTemplate = SpecTemplate()
        self.postage = Postage()
        self.addPostageParam = ReaderFile.readerJson("addPostage.json")
        self.addSpecTemplateParam = ReaderFile.readerJson("addSpecTemplate.json")
        self.addGoodsParam = ReaderFile.readerJson("addMutiSkuGoods.json")
        self.delSpecParam = {"attribute_template_id": 123456789}
        yield self.addPostageParam, self.addSpecTemplateParam, self.addGoodsParam, self.myJson, self.specTemplate, self.postage
        # 删除添加的商品
&gt;       delGoods = {"channel_type": 1, "sku_ids": self.skuIds}
E       AttributeError: 'Test_goods_publish_noSale' object has no attribute 'skuIds'

tests/scripts/goods/test_goods_mutiSku_publish_noSale_002.py:39: AttributeError</error></testcase><testcase classname="tests.scripts.goods.test_goods_mutiSku_publish_noSale_003.Test_goods_publish_noSale" name="test_goods_publish_noSale" time="5.861"><error message="failed on teardown with &quot;assert (500 == 200&#10;  +500&#10;  -200)&quot;">self = &lt;tests.scripts.goods.test_goods_mutiSku_publish_noSale_003.Test_goods_publish_noSale object at 0x10a3b6910&gt;

    @pytest.fixture()
    def ini(self):
        self.goods = Goods()
        self.logger = Logger.Logger()
        self.myJson = MyJson()
        self.specTemplate = SpecTemplate()
        self.postage = Postage()
        self.addPostageParam = ReaderFile.readerJson("addPostage.json")
        self.addSpecTemplateParam = ReaderFile.readerJson("addSpecTemplate.json")
        self.addGoodsParam = ReaderFile.readerJson("addMutiSkuGoods.json")
        self.delSpecParam = {"attribute_template_id": 123456789}
        yield self.addPostageParam, self.addSpecTemplateParam, self.addGoodsParam, self.myJson, self.specTemplate, self.postage
    
        # 删除规格模板
        self.delSpecParam["attribute_template_id"] = self.specTemplateId
        delRes = self.specTemplate.deleteSpecTemplate(self.delSpecParam)
        assert delRes.status_code == 200
        # 删除邮费模板
        params = {"page":1,"size":2,"start_time":"","end_time":"","time_type":1}
        res = self.postage.query_postage(params)  # 查询时间区间内邮费模板数据
        self.logger.info("Query postage res ]info {0}".format(res))
        postageIDs = [res["data"]["list"][0]["id"],res["data"]["list"][1]["id"]]
        for postageID in postageIDs:
            delParam = {"postage_id": postageID}
            delRes = self.postage.delete_postage(delParam)
            self.logger.info("delRes {0}".format(delRes.json()))
            print("delRes {0}".format(delRes.json()))
&gt;           assert delRes.status_code == 200 and delRes.json()["message"] == "success"
E           assert (500 == 200
E             +500
E             -200)

tests/scripts/goods/test_goods_mutiSku_publish_noSale_003.py:53: AssertionError</error></testcase><testcase classname="tests.scripts.goods.test_goods_mutiSku_publish_noSale_004.Test_goods_publish_noSale" name="test_goods_publish_noSale" time="5.095"><error message="failed on teardown with &quot;assert (500 == 200&#10;  +500&#10;  -200)&quot;">self = &lt;tests.scripts.goods.test_goods_mutiSku_publish_noSale_004.Test_goods_publish_noSale object at 0x10a346220&gt;

    @pytest.fixture()
    def ini(self):
        self.goods = Goods()
        self.logger = Logger.Logger()
        self.myJson = MyJson()
        self.specTemplate = SpecTemplate()
        self.postage = Postage()
        self.addPostageParam = ReaderFile.readerJson("addPostage.json")
        self.addSpecTemplateParam = ReaderFile.readerJson("addSpecTemplate.json")
        self.addGoodsParam = ReaderFile.readerJson("addMutiSkuGoods.json")
        self.delSpecParam = {"attribute_template_id": 123456789}
        yield self.addPostageParam, self.addSpecTemplateParam, self.addGoodsParam, self.myJson, self.specTemplate, self.postage
        # 删除添加的商品
        delGoods = {"channel_type": 1, "sku_ids": self.skuIds}
        delRes = self.goods.delSku(delGoods).json()
        print("delGoods: {0}".format(delRes))
        # 删除规格模板
        self.delSpecParam["attribute_template_id"] = self.specTemplateId
        delRes = self.specTemplate.deleteSpecTemplate(self.delSpecParam)
        assert delRes.status_code == 200
        # 删除邮费模板
        params = {"page":1,"size":2,"start_time":"","end_time":"","time_type":1}
        res = self.postage.query_postage(params)  # 查询时间区间内邮费模板数据
        self.logger.info("Query postage res ]info {0}".format(res))
        postageIDs = [res["data"]["list"][0]["id"],res["data"]["list"][1]["id"]]
        for postageID in postageIDs:
            delParam = {"postage_id": postageID}
            delRes = self.postage.delete_postage(delParam)
            self.logger.info("delRes {0}".format(delRes.json()))
            print("delRes {0}".format(delRes.json()))
&gt;           assert delRes.status_code == 200 and delRes.json()["message"] == "success"
E           assert (500 == 200
E             +500
E             -200)

tests/scripts/goods/test_goods_mutiSku_publish_noSale_004.py:56: AssertionError</error></testcase><testcase classname="tests.scripts.goods.test_goods_mutiSku_publish_noSale_005.Test_goods_publish_noSale" name="test_goods_publish_noSale" time="5.500"><error message="failed on teardown with &quot;assert (500 == 200&#10;  +500&#10;  -200)&quot;">self = &lt;tests.scripts.goods.test_goods_mutiSku_publish_noSale_005.Test_goods_publish_noSale object at 0x10a3dc460&gt;

    @pytest.fixture()
    def ini(self):
        self.goods = Goods()
        self.logger = Logger.Logger()
        self.myJson = MyJson()
        self.specTemplate = SpecTemplate()
        self.postage = Postage()
        self.addPostageParam = ReaderFile.readerJson("addPostage.json")
        self.addSpecTemplateParam = ReaderFile.readerJson("addSpecTemplate.json")
        self.addGoodsParam = ReaderFile.readerJson("addMutiSkuGoods.json")
        self.delSpecParam = {"attribute_template_id": 123456789}
        yield self.addPostageParam, self.addSpecTemplateParam, self.addGoodsParam, self.myJson, self.specTemplate, self.postage
        # 删除添加的商品
        delGoods = {"channel_type": 1, "sku_ids": self.skuIds}
        delRes = self.goods.delSku(delGoods).json()
        print("delGoods: {0}".format(delRes))
        # 删除规格模板
        self.delSpecParam["attribute_template_id"] = self.specTemplateId
        delRes = self.specTemplate.deleteSpecTemplate(self.delSpecParam)
        assert delRes.status_code == 200
        # 删除邮费模板
        params = {"page":1,"size":2,"start_time":"","end_time":"","time_type":1}
        res = self.postage.query_postage(params)  # 查询时间区间内邮费模板数据
        self.logger.info("Query postage res ]info {0}".format(res))
        postageIDs = [res["data"]["list"][0]["id"],res["data"]["list"][1]["id"]]
        for postageID in postageIDs:
            delParam = {"postage_id": postageID}
            delRes = self.postage.delete_postage(delParam)
            self.logger.info("delRes {0}".format(delRes.json()))
            print("delRes {0}".format(delRes.json()))
&gt;           assert delRes.status_code == 200 and delRes.json()["message"] == "success"
E           assert (500 == 200
E             +500
E             -200)

tests/scripts/goods/test_goods_mutiSku_publish_noSale_005.py:56: AssertionError</error></testcase><testcase classname="tests.scripts.goods.test_goods_mutiSku_publish_noSale_006.Test_goods_publish_noSale" name="test_goods_publish_noSale" time="6.751" /><testcase classname="tests.scripts.goods.test_goods_offsale_001.Test_goods_add_publish_onsale_goods" name="test_goods_offsaleGoods" time="5.501"><error message="failed on teardown with &quot;assert (500 == 200&#10;  +500&#10;  -200)&quot;">self = &lt;tests.scripts.goods.test_goods_offsale_001.Test_goods_add_publish_onsale_goods object at 0x10a3dc490&gt;

    @pytest.fixture()
    def ini(self):
        self.goods = Goods()
        self.logger = Logger.Logger()
        self.specTemplate = SpecTemplate()
        self.postage = Postage()
        self.addPostageParam = ReaderFile.readerJson("addPostage.json")
        self.addSpecTemplateParam = ReaderFile.readerJson("addSpecTemplate.json")
        self.addGoodsParam = ReaderFile.readerJson("addGoods.json")
        self.delSpecParam = {"attribute_template_id": 123456789}
        self.addGoodsParam["is_release"] = 1
        #新增并发布，上架商品
        addGoodsRes = self.goods.addGoods(self.addPostageParam, self.addSpecTemplateParam, self.addGoodsParam)
        self.logger.info("addGoodRes: {0}".format(addGoodsRes.json()))
        assert addGoodsRes.json()["data"]["spu_id"] is not None
        self.spuId = addGoodsRes.json()["data"]["spu_id"]
        self.saleParam = {"spu_id":[],"sku_id":[]}
        self.saleParam["spu_id"].append(self.spuId)
        # print("*******************",self.saleParam)
        onsaleRes = self.goods.saleGoods(self.saleParam)
        self.logger.info("onsaleRes: {0}".format(onsaleRes))
        # print("%%%%%%%%%%",onsaleRes)
        assert onsaleRes["data"]["fail_num"] == 0
        self.offsaleParam = self.saleParam
        yield self.offsaleParam,self.spuId
    
        # 删除添加的商品
        delGoods = {"channel_type": 1, "spu_id": self.spuId}
        print("&amp;&amp;&amp;&amp;&amp;&amp;&amp;", delGoods)
        delRes = self.goods.delSpu(delGoods).json()
        print("delGoods: {0}".format(delRes))
        # 删除规格模板
        self.delSpecParam["attribute_template_id"] = self.specTemplateId
        delRes = self.specTemplate.deleteSpecTemplate(self.delSpecParam)
        assert delRes.status_code == 200
        # 删除邮费模板
        params = {"page": 1, "size": 1, "start_time": "", "end_time": "", "time_type": 1}
        res = self.postage.query_postage(params)  # 查询时间区间内邮费模板数据
        self.logger.info("Query postage res ]info {0}".format(res))
        self.postageID = res["data"]["list"][0]["id"]
        delParam = {"postage_id": self.postageID}
        delRes = self.postage.delete_postage(delParam)
        self.logger.info("delRes {0}".format(delRes.json()))
        print("delRes {0}".format(delRes.json()))
&gt;       assert delRes.status_code == 200 and delRes.json()["message"] == "success"
E       assert (500 == 200
E         +500
E         -200)

tests/scripts/goods/test_goods_offsale_001.py:69: AssertionError</error></testcase><testcase classname="tests.scripts.goods.test_goods_offsale_002.Test_goods_add_publish_onsale_goods" name="test_goods_offsaleGoods" time="5.039" /><testcase classname="tests.scripts.goods.test_goods_offsale_003.Test_goods_add_publish_onsale_goods" name="test_goods_offsaleGoods" time="6.139" /><testcase classname="tests.scripts.goods.test_goods_offsale_004.Test_goods_add_publish_onsale_goods" name="test_goods_offsaleGoods" time="6.757" /><testcase classname="tests.scripts.goods.test_goods_offsale_005.Test_goods_add_publish_onsale_goods" name="test_goods_offsaleGoods" time="7.986" /><testcase classname="tests.scripts.goods.test_goods_postage_addPostage_001.Test_goods_addPostage" name="test_goods_addPostage" time="1.635" /><testcase classname="tests.scripts.goods.test_goods_postage_delPostage_001.Test_goods_delPostage" name="test_goods_delPostage" time="1.554"><error message="failed on setup with &quot;AssertionError: assert ('阿树新增邮费模板Two' == '阿树新增邮费模板'&#10;  - 阿树新增邮费模板&#10;  + 阿树新增邮费模板Two&#10;  ?         +++)&quot;">self = &lt;tests.scripts.goods.test_goods_postage_delPostage_001.Test_goods_delPostage object at 0x10a308730&gt;

    @pytest.fixture()
    def ini(self):
        self.logger = Logger.Logger()
        self.postage = Postage()
        self.addParam = ReaderFile.readerJson("addPostage.json") #从json文件中读取添加邮费模板的参数
        addRes = self.postage.addPostage(self.addParam) #添加邮费模板
        self.logger.info("addRes {0}".format(addRes))
        listRes = self.postage.query_postage({})["data"]["list"][0] #查询邮费模板列表的第一条数据
        self.postageID = listRes["id"] # 获取新建成功的邮费模板id
&gt;       assert listRes["name"] == self.addParam["name"] and self.postageID is not None
E       AssertionError: assert ('阿树新增邮费模板Two' == '阿树新增邮费模板'
E         - 阿树新增邮费模板
E         + 阿树新增邮费模板Two
E         ?         +++)

tests/scripts/goods/test_goods_postage_delPostage_001.py:25: AssertionError</error></testcase><testcase classname="tests.scripts.goods.test_goods_postage_delPostage_002.Test_goods_delPostage" name="test_goods_delPostage" time="3.960"><error message="failed on teardown with &quot;assert (500 == 200&#10;  +500&#10;  -200)&quot;">self = &lt;tests.scripts.goods.test_goods_postage_delPostage_002.Test_goods_delPostage object at 0x10a4eba60&gt;

    @pytest.fixture()
    def ini(self):
        self.goods = Goods()
        self.logger = Logger.Logger()
        self.postage = Postage()
        self.specTemplate = SpecTemplate()
        self.addPostageParam = ReaderFile.readerJson("addPostage.json")
        self.addSpecTemplateParam = ReaderFile.readerJson("addSpecTemplate.json")
        self.addGoodsParam = ReaderFile.readerJson("addGoods.json")
        self.delSpecParam = {"attribute_template_id": 123456789}
        # 新增商品并保存
        addGoodsRes = self.goods.addGoods(self.addPostageParam, self.addSpecTemplateParam, self.addGoodsParam)
        self.logger.info("addGoodRes: {0}".format(addGoodsRes.json()))
        assert addGoodsRes.json()["data"]["spu_id"] is not None
        self.spuId = addGoodsRes.json()["data"]["spu_id"]
        # 查询时间区间内邮费模板数据
        params = {"page": 1, "size": 1, "start_time": "", "end_time": "", "time_type": 1}
        res = self.postage.query_postage(params)
        self.logger.info("Query postage res ]info {0}".format(res))
        self.postageID = res["data"]["list"][0]["id"]
        self.delParam = {"postage_id": self.postageID}
        yield self.delParam,addGoodsRes.json()["data"]["spu_id"]
    
        # 删除添加的商品
        delGoods = {"channel_type": 1, "spu_id": self.spuId}
        print("&amp;&amp;&amp;&amp;&amp;&amp;&amp;", delGoods)
        delRes = self.goods.delSpu(delGoods).json()
        print("delGoods: {0}".format(delRes))
    
        # 删除规格模板
        self.delSpecParam["attribute_template_id"] = self.specTemplateId
        param = self.delSpecParam
        delRes = self.specTemplate.deleteSpecTemplate(param)
        assert delRes.status_code == 200
    
        # 删除邮费模板
        delRes = self.postage.delete_postage(self.delParam)
        self.logger.info("delRes {0}".format(delRes.json()))
        print("delRes {0}".format(delRes.json()))
&gt;       assert delRes.status_code == 200 and delRes.json()["message"] == "success"
E       assert (500 == 200
E         +500
E         -200)

tests/scripts/goods/test_goods_postage_delPostage_002.py:63: AssertionError</error></testcase><testcase classname="tests.scripts.goods.test_goods_postage_relationSkuList.Test_goods_relationListPostage" name="test_goods_Postage_relationList" time="4.448" /><testcase classname="tests.scripts.goods.test_goods_postage_updataPostage_001.Test_goods_updatePostage" name="test_goods_updatePostage" time="1.191" /><testcase classname="tests.scripts.goods.test_goods_publish_noSale_001.Test_goods_publish_noSale" name="test_goods_publish_noSale" time="5.005" /><testcase classname="tests.scripts.goods.test_goods_publish_noSale_002.Test_goods_publish_noSale" name="test_goods_publish_noSale" time="4.335" /><testcase classname="tests.scripts.goods.test_goods_publish_noSale_003.Test_goods_publish_noSale" name="test_goods_publish_noSale" time="3.452"><error message="failed on teardown with &quot;assert (500 == 200&#10;  +500&#10;  -200)&quot;">self = &lt;tests.scripts.goods.test_goods_publish_noSale_003.Test_goods_publish_noSale object at 0x10a6bc520&gt;

    @pytest.fixture()
    def ini(self):
        self.goods = Goods()
        self.logger = Logger.Logger()
        self.myJson = MyJson()
        self.specTemplate = SpecTemplate()
        self.postage = Postage()
        self.addPostageParam = ReaderFile.readerJson("addPostage.json")
        self.addSpecTemplateParam = ReaderFile.readerJson("addSpecTemplate.json")
        self.addGoodsParam = ReaderFile.readerJson("addGoods.json")
        self.delSpecParam = {"attribute_template_id": 123456789}
        yield self.addPostageParam, self.addSpecTemplateParam, self.addGoodsParam, self.myJson, self.specTemplate, self.postage
    
        # 删除规格模板
        self.delSpecParam["attribute_template_id"] = self.specTemplateId
        delRes = self.specTemplate.deleteSpecTemplate(self.delSpecParam)
        assert delRes.status_code == 200
        # 删除邮费模板
        params = {"page":1,"size":1,"start_time":"","end_time":"","time_type":1}
        res = self.postage.query_postage(params)  # 查询时间区间内邮费模板数据
        self.logger.info("Query postage res ]info {0}".format(res))
        self.postageID = res["data"]["list"][0]["id"]
        delParam = {"postage_id":self.postageID}
        delRes = self.postage.delete_postage(delParam)
        self.logger.info("delRes {0}".format(delRes.json()))
        print("delRes {0}".format(delRes.json()))
&gt;       assert delRes.status_code == 200 and delRes.json()["message"] == "success"
E       assert (500 == 200
E         +500
E         -200)

tests/scripts/goods/test_goods_publish_noSale_003.py:52: AssertionError</error></testcase><testcase classname="tests.scripts.goods.test_goods_publish_noSale_004.Test_goods_publish_noSale" name="test_goods_publish_noSale" time="3.441"><failure message="AssertionError: assert '上架中' == '待上架'&#10;  - 待上架&#10;  + 上架中">self = &lt;tests.scripts.goods.test_goods_publish_noSale_004.Test_goods_publish_noSale object at 0x10a083100&gt;
ini = ({'delivery_region': 2, 'name': '阿树新增邮费模板', 'rule_list': [{'base_fee': 100, 'code_list': [35, 36, 37, 38, 39, 40, ...]...e.specTemplate.SpecTemplate object at 0x10a346b20&gt;, &lt;tests.common.goods.console.postage.Postage object at 0x10a3f65e0&gt;)

    def test_goods_publish_noSale(self, ini):
        # 保存商品信息
        addGoodsRes = self.goods.addGoods(self.addPostageParam, self.addSpecTemplateParam, self.addGoodsParam)
        self.logger.info("addGoodRes: {0}".format(addGoodsRes.json()))
        print("addGoodRes: {0}".format(addGoodsRes.json()))
        self.spuId = addGoodsRes.json()["data"]["spu_id"]
        assert self.spuId is not None
        # 发布商品
        publishParam = {"spu_id":self.spuId}
        publishRes = self.goods.publishGoods(publishParam).json()
        self.logger.info("publish res: {0}".format(publishRes))
        assert publishRes["data"]["spu_id"] is not None
        goodsListSpuParam = {"page":1,"size":1,"searchParams":{"searchChannel":0,"searchChannelOwnership":0,"searchString":{"keyword":"","type":1},"searchInt":{"high":0,"low":0,"type":1},"searchNeedDelete":2,"searchTime":{"beginTimestamp":0,"endTimestamp":0,"type":1},"searchGoodsStatus":-1,"searchReleaseStatus":1,"searchSort":{"sortColumn":0,"sortType":1}}}
        listSpuRes = self.goods.listSpu(goodsListSpuParam)
        self.logger.info("spuListRes: {0}".format(listSpuRes))
        print("spuListRes: {0}".format(listSpuRes))
        goodsInfo = listSpuRes["data"]["list"][0]
        status = goodsInfo["status"]["valueString"]
        # 商品是全部spu列表的第一条数据,状态为待上架
&gt;       assert status == "待上架"
E       AssertionError: assert '上架中' == '待上架'
E         - 待上架
E         + 上架中

tests/scripts/goods/test_goods_publish_noSale_004.py:76: AssertionError</failure></testcase><testcase classname="tests.scripts.goods.test_goods_publish_noSale_004.Test_goods_publish_noSale" name="test_goods_publish_noSale" time="0.000"><error message="failed on teardown with &quot;AttributeError: 'Test_goods_publish_noSale' object has no attribute 'skuId'&quot;">self = &lt;tests.scripts.goods.test_goods_publish_noSale_004.Test_goods_publish_noSale object at 0x10a083100&gt;

    @pytest.fixture()
    def ini(self):
        self.goods = Goods()
        self.logger = Logger.Logger()
        self.myJson = MyJson()
        self.specTemplate = SpecTemplate()
        self.postage = Postage()
        self.addPostageParam = ReaderFile.readerJson("addPostage.json")
        self.addSpecTemplateParam = ReaderFile.readerJson("addSpecTemplate.json")
        self.addGoodsParam = ReaderFile.readerJson("addGoods.json")
        self.delSpecParam = {"attribute_template_id": 123456789}
        yield self.addPostageParam, self.addSpecTemplateParam, self.addGoodsParam, self.myJson, self.specTemplate, self.postage
        # 删除添加的商品
&gt;       delGoods = {"channel_type": 1, "sku_ids": [self.skuId]}
E       AttributeError: 'Test_goods_publish_noSale' object has no attribute 'skuId'

tests/scripts/goods/test_goods_publish_noSale_004.py:39: AttributeError</error></testcase><testcase classname="tests.scripts.goods.test_goods_publish_noSale_005.Test_goods_publish_noSale" name="test_goods_publish_noSale" time="1.865"><failure message="Exception: ('add goods interface fail !', '{&quot;code&quot;:151000,&quot;message&quot;:&quot;邮费模版不存在或已被删除&quot;,&quot;request_id&quot;:&quot;01da02452da0e5889ae0bc7228b74b9917887&quot;,&quot;data&quot;:{}}')">self = &lt;tests.scripts.goods.test_goods_publish_noSale_005.Test_goods_publish_noSale object at 0x10a240e20&gt;
ini = ({'delivery_region': 2, 'name': '阿树新增邮费模板', 'rule_list': [{'base_fee': 100, 'code_list': [35, 36, 37, 38, 39, 40, ...]...e.specTemplate.SpecTemplate object at 0x10a504b20&gt;, &lt;tests.common.goods.console.postage.Postage object at 0x10a504370&gt;)

    @pytest.mark.smoke
    def test_goods_publish_noSale(self, ini):
        # 保存商品信息
&gt;       addGoodsRes = self.goods.addGoods(self.addPostageParam, self.addSpecTemplateParam, self.addGoodsParam)

tests/scripts/goods/test_goods_publish_noSale_005.py:60: 
_ _ _ _ _ _ _ _ _ _ _ _ _ _ _ _ _ _ _ _ _ _ _ _ _ _ _ _ _ _ _ _ _ _ _ _ _ _ _ _ 

self = &lt;tests.common.goods.console.goods.Goods object at 0x10a308f70&gt;
postageParam = {'delivery_region': 2, 'name': '阿树新增邮费模板', 'rule_list': [{'base_fee': 100, 'code_list': [35, 36, 37, 38, 39, 40, ...], 'increase_fee': 100, 'increase_init_value': '1', ...}], 'settlement_type': 2, ...}
specTemplateParam = {'attributes': [{'attribute_item': ['大', '中', '小'], 'attribute_name': '大小'}, {'attribute_item': ['黄', '绿', '蓝'], 'attribute_name': '颜色'}], 'tag_name': '颜色大小模板', 'template_name': '颜色大小模板'}
goodsParam = {'attr_selected_id': 143793178638400, 'attribute_template_id': 143793178638400, 'card_title': '', 'channel_type': 1, ...}

    def addGoods(self, postageParam, specTemplateParam, goodsParam):
        """
        新增商品接口
        :param postageParam: 邮费模板参数
        :param specTemplateParam: 规格模板参数
        :param goodsParam: 商品信息参数
        :return:
        """
    
        # 增加规格模板
        if specTemplateParam != "":
            res = self.specTemplate.addSpecTemplate(specTemplateParam)
            self.logger.info("add specification template res: {0}".format(res))
            addRes = res["data"]
            # print("addRes: {0}".format(addRes))
            specTemplateId = addRes["id"]
            assert specTemplateParam["template_name"] == addRes["template_name"] and addRes["id"] is not None
            # 查询规格模板详细信息
            listDetailParam = {"attribute_template_id": specTemplateId}
            listDetailRes = self.specTemplate.listDetailSpecTemplate(listDetailParam)
            self.logger.info("add specTemplate res: {0}".format(listDetailRes))
            print("add specTemplate res: {0}".format(listDetailRes))
            assert "success" == listDetailRes["message"]
    
            # 将规格模板参数拼接到商品信息中
            goodsParam["attribute_template_id"] = specTemplateId
            goodsParam["attr_selected_id"] = specTemplateId
            useOneSpecTemplate = [MyJson().value(listDetailRes["data"], "id", 3),
                                  MyJson().value(listDetailRes["data"], "id", 7)]
            goodsParam["sku"][0]["attribute_item_ids"] = useOneSpecTemplate
            # 商品为多SKU商品时，需要为第二个sku设置规格
            if len(goodsParam["sku"]) &gt; 1:
                useTwoSpecTemplate = [MyJson().value(listDetailRes["data"], "id", 4),
                                      MyJson().value(listDetailRes["data"], "id", 8)]
                goodsParam["sku"][1]["attribute_item_ids"] = useTwoSpecTemplate
    
        # 增加邮费模板
        if postageParam != "":
            res = self.postage.addPostage(postageParam)
            self.logger.info("add postage template res: {0}".format(res.json()))
            assert res.status_code == 200 and "success" in res.text
            # 查询邮费模板
            listParam = {"tag_id": "", "start_time": "", "end_time": "", "page": 1, "size": 1}
            listRes = self.specTemplate.listSpecTemplate(listParam)
            self.logger.info("list data length: {0}, data contents {1}".format(len(listRes["data"]["list"]), listRes))
            # 查询邮费模板ID
            listParam = {"page": 1, "size": 1, "start_time": "", "end_time": "", "time_type": 1}
            listRes = self.postage.query_postage(listParam)
            self.logger.info("list data length: {0}, data contents {1}".format(len(listRes["data"]["list"]), listRes))
            postageId = listRes["data"]["list"][0]["id"]
            self.logger.info("list data length: {0}, data contents {1}".format(len(listRes["data"]["list"]), listRes))
            # print("list data length: {0}, data contents {1}".format(len(listRes["data"]["list"]), listRes))
            # 将邮费模板参数拼接到商品信息中
            goodsParam["postage"][0]["postage_id"] = postageId
            # 多SKU商品，第二个SKU的物流信息是单独维护的，需要在创建一个邮费模板
            if len(goodsParam["sku"]) &gt; 1:
                goodsParam["sku"][0]["postage"][0]["postage_id"] = postageId
                postageParam["name"] = "阿树新增邮费模板Two"
                self.postage.addPostage(postageParam)
                listRes = self.postage.query_postage(listParam)
                twoPostageId = listRes["data"]["list"][0]["id"]
                goodsParam["sku"][1]["postage"][0]["postage_id"] = twoPostageId
    
        currentTime = Mytime.getCurrTime()
        goodsParam["spu_name"] = goodsParam["spu_name"] + currentTime
        self.logger.info("addGoodsParam: {0}".format(goodsParam))
    
        url = "{0}/gw-console/v1/goods/save".format(self.consoleUrl)
        res = self.httpclient.Post(url=url, json=goodsParam)
        if res.status_code == 200:
            return res
        else:
&gt;           raise Exception('add goods interface fail !', res.text)
E           Exception: ('add goods interface fail !', '{"code":151000,"message":"邮费模版不存在或已被删除","request_id":"01da02452da0e5889ae0bc7228b74b9917887","data":{}}')

tests/common/goods/console/goods.py:115: Exception</failure></testcase><testcase classname="tests.scripts.goods.test_goods_publish_noSale_005.Test_goods_publish_noSale" name="test_goods_publish_noSale" time="0.000"><error message="failed on teardown with &quot;AttributeError: 'Test_goods_publish_noSale' object has no attribute 'skuId'&quot;">self = &lt;tests.scripts.goods.test_goods_publish_noSale_005.Test_goods_publish_noSale object at 0x10a240e20&gt;

    @pytest.fixture()
    def ini(self):
        self.goods = Goods()
        self.logger = Logger.Logger()
        self.myJson = MyJson()
        self.specTemplate = SpecTemplate()
        self.postage = Postage()
        self.addPostageParam = ReaderFile.readerJson("addPostage.json")
        self.addSpecTemplateParam = ReaderFile.readerJson("addSpecTemplate.json")
        self.addGoodsParam = ReaderFile.readerJson("addGoods.json")
        self.delSpecParam = {"attribute_template_id": 123456789}
        yield self.addPostageParam, self.addSpecTemplateParam, self.addGoodsParam, self.myJson, self.specTemplate, self.postage
        # 删除添加的商品
&gt;       delGoods = {"channel_type": 1, "sku_ids": [self.skuId]}
E       AttributeError: 'Test_goods_publish_noSale' object has no attribute 'skuId'

tests/scripts/goods/test_goods_publish_noSale_005.py:39: AttributeError</error></testcase><testcase classname="tests.scripts.goods.test_goods_publish_noSale_006.Test_goods_publish_noSale" name="test_goods_publish_noSale" time="5.527" /><testcase classname="tests.scripts.goods.test_goods_publish_sale_001.Test_goods_publish_noSale" name="test_goods_publish_noSale" time="6.427" /><testcase classname="tests.scripts.goods.test_goods_sale_update_001.Test_goods_add_publish_onsale_goods" name="test_goods_offsaleGoods" time="0.000"><skipped type="pytest.skip" message="上架商品修改，">/Users/apple/IdeaProjects/api-automated-testing/tests/scripts/goods/test_goods_sale_update_001.py:74: 上架商品修改，</skipped></testcase><testcase classname="tests.scripts.goods.test_goods_updateInvalidGoods_001.Test_goods_updateInvalidGoods_001" name="test_goods_updateInvalidGoods" time="1.703"><failure message="Exception: ('add goods interface fail !', '{&quot;code&quot;:151000,&quot;message&quot;:&quot;邮费模版不存在或已被删除&quot;,&quot;request_id&quot;:&quot;77c9fbb98757414e8f42ec34b555f01484914&quot;,&quot;data&quot;:{}}')">self = &lt;tests.scripts.goods.test_goods_updateInvalidGoods_001.Test_goods_updateInvalidGoods_001 object at 0x10a3b6250&gt;
ini = (&lt;tests.common.goods.shop.goods.Goods object at 0x10a6d1640&gt;, {'delivery_region': 2, 'name': '阿树新增邮费模板', 'rule_list': ...yJson.MyJson object at 0x10a6c5c40&gt;, &lt;tests.common.goods.console.specTemplate.SpecTemplate object at 0x10a6c5d00&gt;, ...)

    @pytest.mark.smoke
    def test_goods_updateInvalidGoods(self, ini):
        # 保存商品信息
&gt;       addGoodsRes = self.goods.addGoods(self.addPostageParam, self.addSpecTemplateParam, self.addGoodsParam)

tests/scripts/goods/test_goods_updateInvalidGoods_001.py:63: 
_ _ _ _ _ _ _ _ _ _ _ _ _ _ _ _ _ _ _ _ _ _ _ _ _ _ _ _ _ _ _ _ _ _ _ _ _ _ _ _ 

self = &lt;tests.common.goods.console.goods.Goods object at 0x10a6d1ee0&gt;
postageParam = {'delivery_region': 2, 'name': '阿树新增邮费模板', 'rule_list': [{'base_fee': 100, 'code_list': [35, 36, 37, 38, 39, 40, ...], 'increase_fee': 100, 'increase_init_value': '1', ...}], 'settlement_type': 2, ...}
specTemplateParam = {'attributes': [{'attribute_item': ['大', '中', '小'], 'attribute_name': '大小'}, {'attribute_item': ['黄', '绿', '蓝'], 'attribute_name': '颜色'}], 'tag_name': '颜色大小模板', 'template_name': '颜色大小模板'}
goodsParam = {'attr_selected_id': 143793207003200, 'attribute_template_id': 143793207003200, 'card_title': '', 'channel_type': 1, ...}

    def addGoods(self, postageParam, specTemplateParam, goodsParam):
        """
        新增商品接口
        :param postageParam: 邮费模板参数
        :param specTemplateParam: 规格模板参数
        :param goodsParam: 商品信息参数
        :return:
        """
    
        # 增加规格模板
        if specTemplateParam != "":
            res = self.specTemplate.addSpecTemplate(specTemplateParam)
            self.logger.info("add specification template res: {0}".format(res))
            addRes = res["data"]
            # print("addRes: {0}".format(addRes))
            specTemplateId = addRes["id"]
            assert specTemplateParam["template_name"] == addRes["template_name"] and addRes["id"] is not None
            # 查询规格模板详细信息
            listDetailParam = {"attribute_template_id": specTemplateId}
            listDetailRes = self.specTemplate.listDetailSpecTemplate(listDetailParam)
            self.logger.info("add specTemplate res: {0}".format(listDetailRes))
            print("add specTemplate res: {0}".format(listDetailRes))
            assert "success" == listDetailRes["message"]
    
            # 将规格模板参数拼接到商品信息中
            goodsParam["attribute_template_id"] = specTemplateId
            goodsParam["attr_selected_id"] = specTemplateId
            useOneSpecTemplate = [MyJson().value(listDetailRes["data"], "id", 3),
                                  MyJson().value(listDetailRes["data"], "id", 7)]
            goodsParam["sku"][0]["attribute_item_ids"] = useOneSpecTemplate
            # 商品为多SKU商品时，需要为第二个sku设置规格
            if len(goodsParam["sku"]) &gt; 1:
                useTwoSpecTemplate = [MyJson().value(listDetailRes["data"], "id", 4),
                                      MyJson().value(listDetailRes["data"], "id", 8)]
                goodsParam["sku"][1]["attribute_item_ids"] = useTwoSpecTemplate
    
        # 增加邮费模板
        if postageParam != "":
            res = self.postage.addPostage(postageParam)
            self.logger.info("add postage template res: {0}".format(res.json()))
            assert res.status_code == 200 and "success" in res.text
            # 查询邮费模板
            listParam = {"tag_id": "", "start_time": "", "end_time": "", "page": 1, "size": 1}
            listRes = self.specTemplate.listSpecTemplate(listParam)
            self.logger.info("list data length: {0}, data contents {1}".format(len(listRes["data"]["list"]), listRes))
            # 查询邮费模板ID
            listParam = {"page": 1, "size": 1, "start_time": "", "end_time": "", "time_type": 1}
            listRes = self.postage.query_postage(listParam)
            self.logger.info("list data length: {0}, data contents {1}".format(len(listRes["data"]["list"]), listRes))
            postageId = listRes["data"]["list"][0]["id"]
            self.logger.info("list data length: {0}, data contents {1}".format(len(listRes["data"]["list"]), listRes))
            # print("list data length: {0}, data contents {1}".format(len(listRes["data"]["list"]), listRes))
            # 将邮费模板参数拼接到商品信息中
            goodsParam["postage"][0]["postage_id"] = postageId
            # 多SKU商品，第二个SKU的物流信息是单独维护的，需要在创建一个邮费模板
            if len(goodsParam["sku"]) &gt; 1:
                goodsParam["sku"][0]["postage"][0]["postage_id"] = postageId
                postageParam["name"] = "阿树新增邮费模板Two"
                self.postage.addPostage(postageParam)
                listRes = self.postage.query_postage(listParam)
                twoPostageId = listRes["data"]["list"][0]["id"]
                goodsParam["sku"][1]["postage"][0]["postage_id"] = twoPostageId
    
        currentTime = Mytime.getCurrTime()
        goodsParam["spu_name"] = goodsParam["spu_name"] + currentTime
        self.logger.info("addGoodsParam: {0}".format(goodsParam))
    
        url = "{0}/gw-console/v1/goods/save".format(self.consoleUrl)
        res = self.httpclient.Post(url=url, json=goodsParam)
        if res.status_code == 200:
            return res
        else:
&gt;           raise Exception('add goods interface fail !', res.text)
E           Exception: ('add goods interface fail !', '{"code":151000,"message":"邮费模版不存在或已被删除","request_id":"77c9fbb98757414e8f42ec34b555f01484914","data":{}}')

tests/common/goods/console/goods.py:115: Exception</failure></testcase><testcase classname="tests.scripts.goods.test_goods_updateInvalidGoods_001.Test_goods_updateInvalidGoods_001" name="test_goods_updateInvalidGoods" time="0.000"><error message="failed on teardown with &quot;AttributeError: 'Test_goods_updateInvalidGoods_001' object has no attribute 'specTemplateId'&quot;">self = &lt;tests.scripts.goods.test_goods_updateInvalidGoods_001.Test_goods_updateInvalidGoods_001 object at 0x10a3b6250&gt;

    @pytest.fixture()
    def ini(self):
        self.goods = Goods()
        self.logger = Logger.Logger()
        self.myJson = MyJson()
        self.specTemplate = SpecTemplate()
        self.postage = Postage()
        self.shopGoods = ShopGoods()
        self.stock = Stock()
        self.addPostageParam = ReaderFile.readerJson("addPostage.json")
        self.addSpecTemplateParam = ReaderFile.readerJson("addSpecTemplate.json")
        self.addGoodsParam = ReaderFile.readerJson("addGoods.json")
        self.delSpecParam = {"attribute_template_id": 123456789}
        yield self.shopGoods, self.addPostageParam, self.addSpecTemplateParam, self.addGoodsParam, self.myJson, self.specTemplate, self.postage
        # # 删除添加的商品
        # delGoods = {"channel_type": 1, "sku_ids": [self.skuId]}
        # delRes = self.goods.delSku(delGoods).json()
        # print("delGoods: {0}".format(delRes))
        # 删除规格模板
&gt;       self.delSpecParam["attribute_template_id"] = self.specTemplateId
E       AttributeError: 'Test_goods_updateInvalidGoods_001' object has no attribute 'specTemplateId'

tests/scripts/goods/test_goods_updateInvalidGoods_001.py:46: AttributeError</error></testcase><testcase classname="tests.scripts.goods.test_goods_updateSpecTemplate_001.Test_goods_updateSpecTemplate_002" name="test_goods_updateSpecTemplate" time="4.518"><failure message="assert 2 == 0&#10;  +2&#10;  -0">self = &lt;tests.scripts.goods.test_goods_updateSpecTemplate_001.Test_goods_updateSpecTemplate_002 object at 0x10a17bd00&gt;
ini = ({'delivery_region': 2, 'name': '阿树新增邮费模板', 'rule_list': [{'base_fee': 100, 'code_list': [35, 36, 37, 38, 39, 40, ...]...6789}, &lt;utils.myJson.MyJson object at 0x10a456fd0&gt;, &lt;tests.common.goods.console.postage.Postage object at 0x10a3f6250&gt;)

    @pytest.mark.smoke
    def test_goods_updateSpecTemplate(self, ini):
        addGoodsRes = self.goods.addGoods(self.addPostageParam, self.addSpecTemplateParam, self.addGoodsParam)
        self.logger.info("addGoodRes: {0}".format(addGoodsRes.json()))
        print("addGoodRes: {0}".format(addGoodsRes.json()))
        self.spuId = addGoodsRes.json()["data"]["spu_id"]
        assert self.spuId is not None
        # 查询商品关联的规格模板
        goodsDetailParam = {"spu_id": self.spuId}
        self.resDetail = self.goods.queryGoodsDetail(goodsDetailParam)
        self.logger.info("resDetail: {0}".format(self.resDetail.json()))
        self.logger.info("resDetail: {0}".format(self.resDetail.json()))
        print("resDetail: {0}".format(self.resDetail.json()))
        # 获取规格模板详情
        self.specTemplateId = self.resDetail.json()["data"]["list"][0]["attribute_template_id"]
        SpecTemDetailParam = {"attribute_template_id": self.specTemplateId}
        specTemResDeatil = self.specTemplate.listDetailSpecTemplate(SpecTemDetailParam)
        self.logger.info("specTemResDeatil {0}".format(specTemResDeatil))
        print("specTemResDeatil {0}".format(specTemResDeatil))
        # 规格模板中的规格添加属性
        addItemParam = {"template_name":"颜色大小模板","attribute_template_id":140439341790336,"attributes":[{"attribute_item":["微"],"goods_attribute_id":140439341805696},{"attribute_item":["白"],"goods_attribute_id":140439341821376}],"del_attribute_ids":[],"del_attribute_item_ids":[],"tag_id":140439341770240}
        templateId = self.myJson.value(addItemParam,"id",1)
        itemOneId = self.myJson.value(addItemParam,"id",2)
        itemTwoId = self.myJson.value(addItemParam,"id",6)
        tagId = self.myJson.value(addItemParam,"id",10)
        addItemParam["attribute_template_id"] = templateId
        addItemParam["attributes"][0]["goods_attribute_id"] = itemOneId
        addItemParam["attributes"][1]["goods_attribute_id"] = itemTwoId
        addItemParam["tag_id"] = tagId
        self.specTemplate.updateSpecTemplate(addItemParam)
        # 获取使用中的属性ID
        specItemIdUseOne = self.myJson.value(specTemResDeatil,"id",3)
        # 删除使用中的属性
        itemUseParam = {"attribute_item_id": specItemIdUseOne}
        itemUseRes = self.specTemplate.itemUseStatus(itemUseParam)
        print("status: {0}".format(itemUseRes))
        assert itemUseRes["data"]["used_count"] &gt; 0
        # 获取未使用的属性ID
        specItemIdOne = self.myJson.value(specTemResDeatil, "id", 4)
        # 删除未使用的属性
        itemUseParam = {"attribute_item_id": specItemIdOne}
        itemUseRes = self.specTemplate.itemUseStatus(itemUseParam)
        print("status: {0}".format(itemUseRes))
&gt;       assert itemUseRes["data"]["used_count"] == 0
E       assert 2 == 0
E         +2
E         -0

tests/scripts/goods/test_goods_updateSpecTemplate_001.py:97: AssertionError</failure></testcase><testcase classname="tests.scripts.goods.test_goods_updateSpecTemplate_002.Test_goods_updateSpecTemplate_002" name="test_goods_updateNameAndTagName" time="1.728" /><testcase classname="tests.scripts.goods.test_goods_update_001.Test_goods_updateGoods_001" name="test_goods_publishGoods" time="5.684" /><testcase classname="tests.scripts.goods.test_goods_update_002.Test_goods_updateGoods_002" name="test_goods_publishGoods" time="1.993"><error message="failed on setup with &quot;Exception: ('add goods interface fail !', '{&quot;code&quot;:151000,&quot;message&quot;:&quot;邮费模版不存在或已被删除&quot;,&quot;request_id&quot;:&quot;00e6a9f9b537430f265efe4fdc5b75c459621&quot;,&quot;data&quot;:{}}')&quot;">self = &lt;tests.scripts.goods.test_goods_update_002.Test_goods_updateGoods_002 object at 0x10a400190&gt;

    @pytest.fixture()
    def ini(self):
        self.goods = Goods()
        self.logger = Logger.Logger()
        self.specTemplate = SpecTemplate()
        self.postage = Postage()
        self.addPostageParam = ReaderFile.readerJson("addPostage.json")
        self.addSpecTemplateParam = ReaderFile.readerJson("addSpecTemplate.json")
        self.addGoodsParam = ReaderFile.readerJson("addGoods.json")
        #新增商品，保存
&gt;       addGoodsRes = self.goods.addGoods(self.addPostageParam, self.addSpecTemplateParam, self.addGoodsParam)

tests/scripts/goods/test_goods_update_002.py:31: 
_ _ _ _ _ _ _ _ _ _ _ _ _ _ _ _ _ _ _ _ _ _ _ _ _ _ _ _ _ _ _ _ _ _ _ _ _ _ _ _ 

self = &lt;tests.common.goods.console.goods.Goods object at 0x10a456df0&gt;
postageParam = {'delivery_region': 2, 'name': '阿树新增邮费模板', 'rule_list': [{'base_fee': 100, 'code_list': [35, 36, 37, 38, 39, 40, ...], 'increase_fee': 100, 'increase_init_value': '1', ...}], 'settlement_type': 2, ...}
specTemplateParam = {'attributes': [{'attribute_item': ['大', '中', '小'], 'attribute_name': '大小'}, {'attribute_item': ['黄', '绿', '蓝'], 'attribute_name': '颜色'}], 'tag_name': '颜色大小模板', 'template_name': '颜色大小模板'}
goodsParam = {'attr_selected_id': 143793235218240, 'attribute_template_id': 143793235218240, 'card_title': '', 'channel_type': 1, ...}

    def addGoods(self, postageParam, specTemplateParam, goodsParam):
        """
        新增商品接口
        :param postageParam: 邮费模板参数
        :param specTemplateParam: 规格模板参数
        :param goodsParam: 商品信息参数
        :return:
        """
    
        # 增加规格模板
        if specTemplateParam != "":
            res = self.specTemplate.addSpecTemplate(specTemplateParam)
            self.logger.info("add specification template res: {0}".format(res))
            addRes = res["data"]
            # print("addRes: {0}".format(addRes))
            specTemplateId = addRes["id"]
            assert specTemplateParam["template_name"] == addRes["template_name"] and addRes["id"] is not None
            # 查询规格模板详细信息
            listDetailParam = {"attribute_template_id": specTemplateId}
            listDetailRes = self.specTemplate.listDetailSpecTemplate(listDetailParam)
            self.logger.info("add specTemplate res: {0}".format(listDetailRes))
            print("add specTemplate res: {0}".format(listDetailRes))
            assert "success" == listDetailRes["message"]
    
            # 将规格模板参数拼接到商品信息中
            goodsParam["attribute_template_id"] = specTemplateId
            goodsParam["attr_selected_id"] = specTemplateId
            useOneSpecTemplate = [MyJson().value(listDetailRes["data"], "id", 3),
                                  MyJson().value(listDetailRes["data"], "id", 7)]
            goodsParam["sku"][0]["attribute_item_ids"] = useOneSpecTemplate
            # 商品为多SKU商品时，需要为第二个sku设置规格
            if len(goodsParam["sku"]) &gt; 1:
                useTwoSpecTemplate = [MyJson().value(listDetailRes["data"], "id", 4),
                                      MyJson().value(listDetailRes["data"], "id", 8)]
                goodsParam["sku"][1]["attribute_item_ids"] = useTwoSpecTemplate
    
        # 增加邮费模板
        if postageParam != "":
            res = self.postage.addPostage(postageParam)
            self.logger.info("add postage template res: {0}".format(res.json()))
            assert res.status_code == 200 and "success" in res.text
            # 查询邮费模板
            listParam = {"tag_id": "", "start_time": "", "end_time": "", "page": 1, "size": 1}
            listRes = self.specTemplate.listSpecTemplate(listParam)
            self.logger.info("list data length: {0}, data contents {1}".format(len(listRes["data"]["list"]), listRes))
            # 查询邮费模板ID
            listParam = {"page": 1, "size": 1, "start_time": "", "end_time": "", "time_type": 1}
            listRes = self.postage.query_postage(listParam)
            self.logger.info("list data length: {0}, data contents {1}".format(len(listRes["data"]["list"]), listRes))
            postageId = listRes["data"]["list"][0]["id"]
            self.logger.info("list data length: {0}, data contents {1}".format(len(listRes["data"]["list"]), listRes))
            # print("list data length: {0}, data contents {1}".format(len(listRes["data"]["list"]), listRes))
            # 将邮费模板参数拼接到商品信息中
            goodsParam["postage"][0]["postage_id"] = postageId
            # 多SKU商品，第二个SKU的物流信息是单独维护的，需要在创建一个邮费模板
            if len(goodsParam["sku"]) &gt; 1:
                goodsParam["sku"][0]["postage"][0]["postage_id"] = postageId
                postageParam["name"] = "阿树新增邮费模板Two"
                self.postage.addPostage(postageParam)
                listRes = self.postage.query_postage(listParam)
                twoPostageId = listRes["data"]["list"][0]["id"]
                goodsParam["sku"][1]["postage"][0]["postage_id"] = twoPostageId
    
        currentTime = Mytime.getCurrTime()
        goodsParam["spu_name"] = goodsParam["spu_name"] + currentTime
        self.logger.info("addGoodsParam: {0}".format(goodsParam))
    
        url = "{0}/gw-console/v1/goods/save".format(self.consoleUrl)
        res = self.httpclient.Post(url=url, json=goodsParam)
        if res.status_code == 200:
            return res
        else:
&gt;           raise Exception('add goods interface fail !', res.text)
E           Exception: ('add goods interface fail !', '{"code":151000,"message":"邮费模版不存在或已被删除","request_id":"00e6a9f9b537430f265efe4fdc5b75c459621","data":{}}')

tests/common/goods/console/goods.py:115: Exception</error></testcase><testcase classname="tests.scripts.goods.test_goods_update_003.Test_goods_updateGoods_002" name="test_goods_publishGoods" time="4.379"><error message="failed on setup with &quot;assert (2 == 1&#10;  +2&#10;  -1)&quot;">self = &lt;tests.scripts.goods.test_goods_update_003.Test_goods_updateGoods_002 object at 0x10a472d90&gt;

    @pytest.fixture()
    def ini(self):
        self.goods = Goods()
        self.logger = Logger.Logger()
        self.specTemplate = SpecTemplate()
        self.postage = Postage()
        self.addPostageParam = ReaderFile.readerJson("addPostage.json")
        self.addSpecTemplateParam = ReaderFile.readerJson("addSpecTemplate.json")
        self.addGoodsParam = ReaderFile.readerJson("addGoods.json")
        #新增商品，保存
        addGoodsRes = self.goods.addGoods(self.addPostageParam, self.addSpecTemplateParam, self.addGoodsParam)
        self.logger.info("addGoodRes: {0}".format(addGoodsRes.json()))
        assert addGoodsRes.json()["data"]["spu_id"] is not None
        self.publishGoodsParam = addGoodsRes.json()["data"]
        # 查询首次新增的邮费模板id
        params = {"page": "1", "size": "1",  "time_type": ""}
        res = self.postage.query_postage(params)  # 查询时间区间内邮费模板数据
        self.logger.info("Query postage res info {0}".format(res))
        assert len(res["data"]["list"]) == 1 and res["data"]["list"][0]["name"] == self.addPostageParam["name"]
        self.oldpostageID = res["data"]["list"][0]["id"]
    
        # 发布上面新增的商品
        publishRes = self.goods.publishGoods(self.publishGoodsParam)
        self.logger.info("publishRes: {0}".format(publishRes.json()))
        # print("addGoodRes: {0}".format(publishRes.json()))
        assert publishRes.json()["data"]["spu_id"] is not None
        self.spuId = addGoodsRes.json()["data"]["spu_id"]
    
        # 新增一个用于修改的邮费模板
        startTime = Mytime.getCurrTimeStamp()
        time.sleep(1)
        self.addPostageParam["name"] = "修改的邮费模板"
        res = self.postage.addPostage(self.addPostageParam)  # 调接口创建邮费模板
        endTime = Mytime.getCurrTimeStamp()
        self.logger.info("add postage template res: {0}".format(res))
        assert res.status_code == 200 and "success" in res.text
        # 查询新增的邮费模板
        params = {"page": "", "size": "", "start_time": startTime, "end_time": endTime, "time_type": ""}
        res = self.postage.query_postage(params)  # 查询时间区间内邮费模板数据
        self.logger.info("Query postage res info {0}".format(res))
&gt;       assert len(res["data"]["list"]) == 1 and res["data"]["list"][0]["name"] == self.addPostageParam["name"]
E       assert (2 == 1
E         +2
E         -1)

tests/scripts/goods/test_goods_update_003.py:61: AssertionError</error></testcase><testcase classname="tests.scripts.goods.test_goods_update_004.Test_goods_updateGoods_002" name="test_goods_publishGoods" time="4.833" /><testcase classname="tests.scripts.goods.test_goods_update_005.Test_goods_updateGoods_005" name="test_goods_publishGoods" time="2.327"><error message="failed on setup with &quot;Exception: ('add goods interface fail !', '{&quot;code&quot;:151000,&quot;message&quot;:&quot;邮费模版不存在或已被删除&quot;,&quot;request_id&quot;:&quot;7c560786924478f50fd09fec8ea9bb9e33589&quot;,&quot;data&quot;:{}}')&quot;">self = &lt;tests.scripts.goods.test_goods_update_005.Test_goods_updateGoods_005 object at 0x10a4ebf70&gt;

    @pytest.fixture()
    def ini(self):
        self.goods = Goods()
        self.logger = Logger.Logger()
        self.specTemplate = SpecTemplate()
        self.postage = Postage()
        self.addPostageParam = ReaderFile.readerJson("addPostage.json")
        self.addSpecTemplateParam = ReaderFile.readerJson("addSpecTemplate.json")
        self.addGoodsParam = ReaderFile.readerJson("addGoods.json")
        #新增商品，保存
&gt;       addGoodsRes = self.goods.addGoods(self.addPostageParam, self.addSpecTemplateParam, self.addGoodsParam)

tests/scripts/goods/test_goods_update_005.py:32: 
_ _ _ _ _ _ _ _ _ _ _ _ _ _ _ _ _ _ _ _ _ _ _ _ _ _ _ _ _ _ _ _ _ _ _ _ _ _ _ _ 

self = &lt;tests.common.goods.console.goods.Goods object at 0x10a6bcb20&gt;
postageParam = {'delivery_region': 2, 'name': '阿树新增邮费模板', 'rule_list': [{'base_fee': 100, 'code_list': [35, 36, 37, 38, 39, 40, ...], 'increase_fee': 100, 'increase_init_value': '1', ...}], 'settlement_type': 2, ...}
specTemplateParam = {'attributes': [{'attribute_item': ['大', '中', '小'], 'attribute_name': '大小'}, {'attribute_item': ['黄', '绿', '蓝'], 'attribute_name': '颜色'}], 'tag_name': '颜色大小模板', 'template_name': '颜色大小模板'}
goodsParam = {'attr_selected_id': 143793258000257, 'attribute_template_id': 143793258000257, 'card_title': '', 'channel_type': 1, ...}

    def addGoods(self, postageParam, specTemplateParam, goodsParam):
        """
        新增商品接口
        :param postageParam: 邮费模板参数
        :param specTemplateParam: 规格模板参数
        :param goodsParam: 商品信息参数
        :return:
        """
    
        # 增加规格模板
        if specTemplateParam != "":
            res = self.specTemplate.addSpecTemplate(specTemplateParam)
            self.logger.info("add specification template res: {0}".format(res))
            addRes = res["data"]
            # print("addRes: {0}".format(addRes))
            specTemplateId = addRes["id"]
            assert specTemplateParam["template_name"] == addRes["template_name"] and addRes["id"] is not None
            # 查询规格模板详细信息
            listDetailParam = {"attribute_template_id": specTemplateId}
            listDetailRes = self.specTemplate.listDetailSpecTemplate(listDetailParam)
            self.logger.info("add specTemplate res: {0}".format(listDetailRes))
            print("add specTemplate res: {0}".format(listDetailRes))
            assert "success" == listDetailRes["message"]
    
            # 将规格模板参数拼接到商品信息中
            goodsParam["attribute_template_id"] = specTemplateId
            goodsParam["attr_selected_id"] = specTemplateId
            useOneSpecTemplate = [MyJson().value(listDetailRes["data"], "id", 3),
                                  MyJson().value(listDetailRes["data"], "id", 7)]
            goodsParam["sku"][0]["attribute_item_ids"] = useOneSpecTemplate
            # 商品为多SKU商品时，需要为第二个sku设置规格
            if len(goodsParam["sku"]) &gt; 1:
                useTwoSpecTemplate = [MyJson().value(listDetailRes["data"], "id", 4),
                                      MyJson().value(listDetailRes["data"], "id", 8)]
                goodsParam["sku"][1]["attribute_item_ids"] = useTwoSpecTemplate
    
        # 增加邮费模板
        if postageParam != "":
            res = self.postage.addPostage(postageParam)
            self.logger.info("add postage template res: {0}".format(res.json()))
            assert res.status_code == 200 and "success" in res.text
            # 查询邮费模板
            listParam = {"tag_id": "", "start_time": "", "end_time": "", "page": 1, "size": 1}
            listRes = self.specTemplate.listSpecTemplate(listParam)
            self.logger.info("list data length: {0}, data contents {1}".format(len(listRes["data"]["list"]), listRes))
            # 查询邮费模板ID
            listParam = {"page": 1, "size": 1, "start_time": "", "end_time": "", "time_type": 1}
            listRes = self.postage.query_postage(listParam)
            self.logger.info("list data length: {0}, data contents {1}".format(len(listRes["data"]["list"]), listRes))
            postageId = listRes["data"]["list"][0]["id"]
            self.logger.info("list data length: {0}, data contents {1}".format(len(listRes["data"]["list"]), listRes))
            # print("list data length: {0}, data contents {1}".format(len(listRes["data"]["list"]), listRes))
            # 将邮费模板参数拼接到商品信息中
            goodsParam["postage"][0]["postage_id"] = postageId
            # 多SKU商品，第二个SKU的物流信息是单独维护的，需要在创建一个邮费模板
            if len(goodsParam["sku"]) &gt; 1:
                goodsParam["sku"][0]["postage"][0]["postage_id"] = postageId
                postageParam["name"] = "阿树新增邮费模板Two"
                self.postage.addPostage(postageParam)
                listRes = self.postage.query_postage(listParam)
                twoPostageId = listRes["data"]["list"][0]["id"]
                goodsParam["sku"][1]["postage"][0]["postage_id"] = twoPostageId
    
        currentTime = Mytime.getCurrTime()
        goodsParam["spu_name"] = goodsParam["spu_name"] + currentTime
        self.logger.info("addGoodsParam: {0}".format(goodsParam))
    
        url = "{0}/gw-console/v1/goods/save".format(self.consoleUrl)
        res = self.httpclient.Post(url=url, json=goodsParam)
        if res.status_code == 200:
            return res
        else:
&gt;           raise Exception('add goods interface fail !', res.text)
E           Exception: ('add goods interface fail !', '{"code":151000,"message":"邮费模版不存在或已被删除","request_id":"7c560786924478f50fd09fec8ea9bb9e33589","data":{}}')

tests/common/goods/console/goods.py:115: Exception</error></testcase><testcase classname="tests.scripts.goods.test_goods_update_006.Test_goods_updateGoods_006" name="test_goods_publishGoods" time="0.000"><skipped type="pytest.skip" message="接口目前未做校验">/Users/apple/IdeaProjects/api-automated-testing/tests/scripts/goods/test_goods_update_006.py:103: 接口目前未做校验</skipped></testcase><testcase classname="tests.scripts.goods.test_goods_update_007.Test_goods_updateGoods_006" name="test_goods_publishGoods" time="6.920" /><testcase classname="tests.scripts.goods.test_goods_update_008.Test_goods_updateGoods_008" name="test_goods_publishGoods" time="0.001"><skipped type="pytest.skip" message="接口目前未做校验">/Users/apple/IdeaProjects/api-automated-testing/tests/scripts/goods/test_goods_update_008.py:105: 接口目前未做校验</skipped></testcase><testcase classname="tests.scripts.goods.test_goods_update_009.Test_goods_updateGoods_009" name="test_goods_publishGoods" time="0.000"><skipped type="pytest.skip" message="接口目前未做校验">/Users/apple/IdeaProjects/api-automated-testing/tests/scripts/goods/test_goods_update_009.py:102: 接口目前未做校验</skipped></testcase><testcase classname="tests.scripts.order.test_order_shopping_cart.Test_Order_shop" name="test_order_shop_cart" time="13.023" /><testcase classname="tests.scripts.order.test_place_order.Test_Placeorder" name="test_confirmOrder" time="13.503" /></testsuite></testsuites>